<?xml version="1.0" encoding="utf-8"?>
<shfbBuild product="Sandcastle Help File Builder" version="2014.5.31.0" projectFile="C:\Users\tie301837\Documents\works\SAPExtractorDotNET\documents\SAPExtractorDotNETAPI.shfbproj" started="2014/09/25 17:22:38">
<buildStep step="Initializing">
Finding tools...
The Sandcastle tools are located in &#39;C:\Program Files\EWSoftware\Sandcastle Help File Builder\&#39;
Searching for HTML Help 1 compiler...
Found HTML Help 1 compiler in &#39;C:\Program Files\HTML Help Workshop\&#39;
Locating components in the following folder(s):
   C:\Users\tie301837\Documents\works\SAPExtractorDotNET\documents
Using presentation style &#39;VS2010&#39; located in &#39;C:\Program Files\EWSoftware\Sandcastle Help File Builder\PresentationStyles\VS2010&#39;
</buildStep>
<buildStep step="ValidatingDocumentationSources">
Validating and copying documentation source information
Source: C:\Users\tie301837\Documents\works\SAPExtractorDotNET\SAPExtractorDotNET\bin\Debug\SAPExtractorDotNET.dll
    Found assembly &#39;C:\Users\tie301837\Documents\works\SAPExtractorDotNET\SAPExtractorDotNET\bin\Debug\SAPExtractorDotNET.dll&#39;
Source: C:\Users\tie301837\Documents\works\SAPExtractorDotNET\SAPExtractorDotNET\bin\Debug\SAPExtractorDotNET.xml

Copying XML comments files
    C:\Users\tie301837\Documents\works\SAPExtractorDotNET\SAPExtractorDotNET\bin\Debug\SAPExtractorDotNET.xml -&gt; C:\Users\tie301837\Documents\works\SAPExtractorDotNET\documents\Help\Working\SAPExtractorDotNET.xml
</buildStep>
<buildStep step="GenerateSharedContent">
Generating shared content files (en-US, 英語 (米国))...
    Last step completed in 00:00:00.1400
</buildStep>
<buildStep step="GenerateApiFilter">
Generating API filter for MRefBuilder...
    Last step completed in 00:00:00.0050
</buildStep>
<buildStep step="GenerateReflectionInfo">
Generating reflection information...
[C:\Windows\Microsoft.NET\Framework\v4.0.30319\MSBuild.exe]
2014/09/25 17:22:40 にビルドを開始しました。
ノード 1 上のプロジェクト &quot;C:\Users\tie301837\Documents\works\SAPExtractorDotNET\documents\Help\Working\GenerateRefInfo.proj&quot; (既定のターゲット)。
PrepareForBuild:
  ディレクトリ &quot;obj\Debug\&quot; を作成しています。
GenerateRefInfo:
  MRefBuilder (v2014.5.31.0)
  Copyright c 2006-2014, Microsoft Corporation, All Rights Reserved.
  Portions Copyright c 2006-2014, Eric Woodruff, All Rights Reserved.
  Loaded 1 assemblies for reflection and 1 dependency assemblies.
  Wrote information on 1 namespaces, 5 types, and 65 members
  &quot;reflection.org&quot; から &quot;reflection.all&quot; へファイルをコピーしています。
  XslTransform (v2014.5.31.0)
  Copyright c 2006-2014, Microsoft Corporation, All Rights Reserved.
  Portions Copyright c 2006-2014, Eric Woodruff, All Rights Reserved.
  Applying XSL transformation &#39;C:\Program Files\EWSoftware\Sandcastle Help File Builder\ProductionTransforms\MergeDuplicates.xsl&#39;.
プロジェクト &quot;C:\Users\tie301837\Documents\works\SAPExtractorDotNET\documents\Help\Working\GenerateRefInfo.proj&quot; (既定のターゲット) のビルドが完了しました。

ビルドに成功しました。

経過時間 00:00:01.72
    Last step completed in 00:00:02.2982
</buildStep>
<buildStep step="TransformReflectionInfo">
Transforming reflection output...
[C:\Windows\Microsoft.NET\Framework\v4.0.30319\MSBuild.exe]
2014/09/25 17:22:41 にビルドを開始しました。
ノード 1 上のプロジェクト &quot;C:\Users\tie301837\Documents\works\SAPExtractorDotNET\documents\Help\Working\TransformManifest.proj&quot; (既定のターゲット)。
TransformManifest:
  XslTransform (v2014.5.31.0)
  Copyright c 2006-2014, Microsoft Corporation, All Rights Reserved.
  Portions Copyright c 2006-2014, Eric Woodruff, All Rights Reserved.
  Applying XSL transformation &#39;C:\Program Files\EWSoftware\Sandcastle Help File Builder\\ProductionTransforms\ApplyVSDocModel.xsl&#39;.
  &quot;reflection.xml&quot; から &quot;reflection.nofilenames&quot; へファイルをコピーしています。
  XslTransform (v2014.5.31.0)
  Copyright c 2006-2014, Microsoft Corporation, All Rights Reserved.
  Portions Copyright c 2006-2014, Eric Woodruff, All Rights Reserved.
  Applying XSL transformation &#39;C:\Program Files\EWSoftware\Sandcastle Help File Builder\ProductionTransforms\AddFilenames.xsl&#39;.
  XslTransform (v2014.5.31.0)
  Copyright c 2006-2014, Microsoft Corporation, All Rights Reserved.
  Portions Copyright c 2006-2014, Eric Woodruff, All Rights Reserved.
  Applying XSL transformation &#39;C:\Program Files\EWSoftware\Sandcastle Help File Builder\ProductionTransforms\ReflectionToManifest.xsl&#39;.
プロジェクト &quot;C:\Users\tie301837\Documents\works\SAPExtractorDotNET\documents\Help\Working\TransformManifest.proj&quot; (既定のターゲット) のビルドが完了しました。

ビルドに成功しました。

経過時間 00:00:01.36
    Last step completed in 00:00:01.4741
</buildStep>
<buildStep step="GenerateNamespaceSummaries">
Generating namespace summary information...
    Last step completed in 00:00:00.0720
</buildStep>
<buildStep step="CopyAdditionalContent">
Copying additional content files...
No additional content to copy
    Last step completed in 00:00:00.0060
</buildStep>
<buildStep step="MergeTablesOfContents">
Merging conceptual and additional tables of contents...
    Last step completed in 00:00:00.0020
</buildStep>
<buildStep step="GenerateIntermediateTableOfContents">
Generating intermediate table of contents file...
[C:\Windows\Microsoft.NET\Framework\v4.0.30319\MSBuild.exe]
2014/09/25 17:22:43 にビルドを開始しました。
ノード 1 上のプロジェクト &quot;C:\Users\tie301837\Documents\works\SAPExtractorDotNET\documents\Help\Working\GenerateIntermediateTOC.proj&quot; (既定のターゲット)。
GenerateIntermediateTOC:
  XslTransform (v2014.5.31.0)
  Copyright c 2006-2014, Microsoft Corporation, All Rights Reserved.
  Portions Copyright c 2006-2014, Eric Woodruff, All Rights Reserved.
  Applying XSL transformation &#39;C:\Program Files\EWSoftware\Sandcastle Help File Builder\\ProductionTransforms\CreateVSToc.xsl&#39;.
プロジェクト &quot;C:\Users\tie301837\Documents\works\SAPExtractorDotNET\documents\Help\Working\GenerateIntermediateTOC.proj&quot; (既定のターゲット) のビルドが完了しました。

ビルドに成功しました。

経過時間 00:00:00.11
Generating conceptual content intermediate TOC file...
    Last step completed in 00:00:00.3570
</buildStep>
<buildStep step="CreateBuildAssemblerConfigs">
Creating Sandcastle configuration files...
    sandcastle.config
    Last step completed in 00:00:00.0470
</buildStep>
<buildStep step="MergeCustomConfigs">
Merging custom build component configurations
C:\Users\tie301837\Documents\works\SAPExtractorDotNET\documents\Help\Working\sandcastle.config
    Last step completed in 00:00:00.0210
</buildStep>
<buildStep step="BuildReferenceTopics">
Building reference help topics...
[C:\Windows\Microsoft.NET\Framework\v4.0.30319\MSBuild.exe]
2014/09/25 17:22:43 にビルドを開始しました。
ノード 1 上のプロジェクト &quot;C:\Users\tie301837\Documents\works\SAPExtractorDotNET\documents\Help\Working\BuildReferenceTopics.proj&quot; (既定のターゲット)。
BuildReferenceTopics:
  BuildAssembler (v2014.5.31.0)
  Copyright c 2006-2014, Microsoft Corporation, All Rights Reserved.
  Portions Copyright c 2006-2014, Eric Woodruff, All Rights Reserved.
  Loading configuration...
  ResolveReferenceLinksComponent: The MSDN content ID cache &#39;C:\Users\tie301837\AppData\Local\EWSoftware\Sandcastle Help File Builder\Cache\MsdnContentId.cache&#39; does not exist yet.  All IDs will be looked up in this build which will slow it down.
  Processing topics...
BuildAssembler : warning : ResolveReferenceLinksComponent: [T:SAPExtractorDotNET.LineData] MSDN web service failed.  No further look ups will be performed for this build. [C:\Users\tie301837\Documents\works\SAPExtractorDotNET\documents\Help\Working\BuildReferenceTopics.proj]
BuildAssembler : warning : Reason: HTTP ステータス 417: Expectation Failed で要求が失敗しました。 [C:\Users\tie301837\Documents\works\SAPExtractorDotNET\documents\Help\Working\BuildReferenceTopics.proj]
BuildAssembler : warning : ResolveReferenceLinksComponent: [T:SAPExtractorDotNET.LineData] MSDN URL not found for target &#39;T:System.Object&#39;. [C:\Users\tie301837\Documents\works\SAPExtractorDotNET\documents\Help\Working\BuildReferenceTopics.proj]
BuildAssembler : warning : ResolveReferenceLinksComponent: [T:SAPExtractorDotNET.LineData] MSDN web service failed.  No further look ups will be performed for this build. [C:\Users\tie301837\Documents\works\SAPExtractorDotNET\documents\Help\Working\BuildReferenceTopics.proj]
BuildAssembler : warning : Reason: HTTP ステータス 417: Expectation Failed で要求が失敗しました。 [C:\Users\tie301837\Documents\works\SAPExtractorDotNET\documents\Help\Working\BuildReferenceTopics.proj]
BuildAssembler : warning : ShowMissingComponent: [M:SAPExtractorDotNET.LineData.#ctor(System.Int64,System.String)] Missing &lt;param name=&quot;index&quot;/&gt; documentation [C:\Users\tie301837\Documents\works\SAPExtractorDotNET\documents\Help\Working\BuildReferenceTopics.proj]
BuildAssembler : warning : ShowMissingComponent: [M:SAPExtractorDotNET.LineData.#ctor(System.Int64,System.String)] Missing &lt;param name=&quot;line&quot;/&gt; documentation [C:\Users\tie301837\Documents\works\SAPExtractorDotNET\documents\Help\Working\BuildReferenceTopics.proj]
BuildAssembler : warning : ShowMissingComponent: [F:SAPExtractorDotNET.LineData.ElementPattern] Missing &lt;summary&gt; documentation [C:\Users\tie301837\Documents\works\SAPExtractorDotNET\documents\Help\Working\BuildReferenceTopics.proj]
BuildAssembler : warning : ShowMissingComponent: [P:SAPExtractorDotNET.LineData.Elements] Missing &lt;summary&gt; documentation [C:\Users\tie301837\Documents\works\SAPExtractorDotNET\documents\Help\Working\BuildReferenceTopics.proj]
BuildAssembler : warning : ShowMissingComponent: [P:SAPExtractorDotNET.LineData.Index] Missing &lt;summary&gt; documentation [C:\Users\tie301837\Documents\works\SAPExtractorDotNET\documents\Help\Working\BuildReferenceTopics.proj]
BuildAssembler : warning : ShowMissingComponent: [P:SAPExtractorDotNET.LineData.Line] Missing &lt;summary&gt; documentation [C:\Users\tie301837\Documents\works\SAPExtractorDotNET\documents\Help\Working\BuildReferenceTopics.proj]
BuildAssembler : warning : ShowMissingComponent: [M:SAPExtractorDotNET.LineData.Split] Missing &lt;summary&gt; documentation [C:\Users\tie301837\Documents\works\SAPExtractorDotNET\documents\Help\Working\BuildReferenceTopics.proj]
BuildAssembler : warning : ShowMissingComponent: [M:SAPExtractorDotNET.LineData.ToString] Missing &lt;summary&gt; documentation [C:\Users\tie301837\Documents\works\SAPExtractorDotNET\documents\Help\Working\BuildReferenceTopics.proj]
BuildAssembler : warning : ShowMissingComponent: [M:SAPExtractorDotNET.LineData.ToString] Missing &lt;returns&gt; documentation [C:\Users\tie301837\Documents\works\SAPExtractorDotNET\documents\Help\Working\BuildReferenceTopics.proj]
BuildAssembler : warning : ShowMissingComponent: [M:SAPExtractorDotNET.SAPConnector.#ctor(System.String)] Missing &lt;param name=&quot;destination&quot;/&gt; documentation [C:\Users\tie301837\Documents\works\SAPExtractorDotNET\documents\Help\Working\BuildReferenceTopics.proj]
BuildAssembler : warning : ShowMissingComponent: [M:SAPExtractorDotNET.SAPConnector.#ctor(System.String,System.String,System.String)] Missing &lt;param name=&quot;destination&quot;/&gt; documentation [C:\Users\tie301837\Documents\works\SAPExtractorDotNET\documents\Help\Working\BuildReferenceTopics.proj]
BuildAssembler : warning : ShowMissingComponent: [M:SAPExtractorDotNET.SAPConnector.#ctor(System.String,System.String,System.String)] Missing &lt;param name=&quot;user&quot;/&gt; documentation [C:\Users\tie301837\Documents\works\SAPExtractorDotNET\documents\Help\Working\BuildReferenceTopics.proj]
BuildAssembler : warning : ShowMissingComponent: [M:SAPExtractorDotNET.SAPConnector.#ctor(System.String,System.String,System.String)] Missing &lt;param name=&quot;password&quot;/&gt; documentation [C:\Users\tie301837\Documents\works\SAPExtractorDotNET\documents\Help\Working\BuildReferenceTopics.proj]
BuildAssembler : warning : ShowMissingComponent: [M:SAPExtractorDotNET.SAPConnector.Login] Missing &lt;returns&gt; documentation [C:\Users\tie301837\Documents\works\SAPExtractorDotNET\documents\Help\Working\BuildReferenceTopics.proj]
BuildAssembler : warning : ResolveReferenceLinksComponent: [M:SAPExtractorDotNET.SAPConnector.Login] Unknown reference link target &#39;T:SAP.Middleware.Connector.RfcDestination&#39;. [C:\Users\tie301837\Documents\works\SAPExtractorDotNET\documents\Help\Working\BuildReferenceTopics.proj]
BuildAssembler : warning : ResolveReferenceLinksComponent: [M:SAPExtractorDotNET.SAPConnector.Login] Unknown reference link target &#39;T:SAP.Middleware.Connector.RfcDestination&#39;. [C:\Users\tie301837\Documents\works\SAPExtractorDotNET\documents\Help\Working\BuildReferenceTopics.proj]
BuildAssembler : warning : ShowMissingComponent: [P:SAPExtractorDotNET.SAPConnector.User] Missing &lt;summary&gt; documentation [C:\Users\tie301837\Documents\works\SAPExtractorDotNET\documents\Help\Working\BuildReferenceTopics.proj]
BuildAssembler : warning : ShowMissingComponent: [M:SAPExtractorDotNET.SAPFieldItem.#ctor(System.String,System.Boolean)] Missing &lt;param name=&quot;fieldId&quot;/&gt; documentation [C:\Users\tie301837\Documents\works\SAPExtractorDotNET\documents\Help\Working\BuildReferenceTopics.proj]
BuildAssembler : warning : ShowMissingComponent: [M:SAPExtractorDotNET.SAPFieldItem.#ctor(System.String,System.Boolean)] Missing &lt;param name=&quot;isRangeField&quot;/&gt; documentation [C:\Users\tie301837\Documents\works\SAPExtractorDotNET\documents\Help\Working\BuildReferenceTopics.proj]
BuildAssembler : warning : ShowMissingComponent: [M:SAPExtractorDotNET.SAPFieldItem.Between(System.String,System.String)] Missing &lt;summary&gt; documentation [C:\Users\tie301837\Documents\works\SAPExtractorDotNET\documents\Help\Working\BuildReferenceTopics.proj]
BuildAssembler : warning : ShowMissingComponent: [M:SAPExtractorDotNET.SAPFieldItem.Between(System.String,System.String)] Missing &lt;returns&gt; documentation [C:\Users\tie301837\Documents\works\SAPExtractorDotNET\documents\Help\Working\BuildReferenceTopics.proj]
BuildAssembler : warning : ShowMissingComponent: [M:SAPExtractorDotNET.SAPFieldItem.Between(System.String,System.String)] Missing &lt;param name=&quot;value&quot;/&gt; documentation [C:\Users\tie301837\Documents\works\SAPExtractorDotNET\documents\Help\Working\BuildReferenceTopics.proj]
BuildAssembler : warning : ShowMissingComponent: [M:SAPExtractorDotNET.SAPFieldItem.Between(System.String,System.String)] Missing &lt;param name=&quot;maxValue&quot;/&gt; documentation [C:\Users\tie301837\Documents\works\SAPExtractorDotNET\documents\Help\Working\BuildReferenceTopics.proj]
BuildAssembler : warning : ShowMissingComponent: [M:SAPExtractorDotNET.SAPFieldItem.ComparesBy(System.String,System.String)] Missing &lt;summary&gt; documentation [C:\Users\tie301837\Documents\works\SAPExtractorDotNET\documents\Help\Working\BuildReferenceTopics.proj]
BuildAssembler : warning : ShowMissingComponent: [M:SAPExtractorDotNET.SAPFieldItem.ComparesBy(System.String,System.String)] Missing &lt;returns&gt; documentation [C:\Users\tie301837\Documents\works\SAPExtractorDotNET\documents\Help\Working\BuildReferenceTopics.proj]
BuildAssembler : warning : ShowMissingComponent: [M:SAPExtractorDotNET.SAPFieldItem.ComparesBy(System.String,System.String)] Missing &lt;param name=&quot;opr&quot;/&gt; documentation [C:\Users\tie301837\Documents\works\SAPExtractorDotNET\documents\Help\Working\BuildReferenceTopics.proj]
BuildAssembler : warning : ShowMissingComponent: [M:SAPExtractorDotNET.SAPFieldItem.ComparesBy(System.String,System.String)] Missing &lt;param name=&quot;value&quot;/&gt; documentation [C:\Users\tie301837\Documents\works\SAPExtractorDotNET\documents\Help\Working\BuildReferenceTopics.proj]
BuildAssembler : warning : ShowMissingComponent: [M:SAPExtractorDotNET.SAPFieldItem.createByQueryStructure(SAP.Middleware.Connector.IRfcTable)] Missing &lt;summary&gt; documentation [C:\Users\tie301837\Documents\works\SAPExtractorDotNET\documents\Help\Working\BuildReferenceTopics.proj]
BuildAssembler : warning : ShowMissingComponent: [M:SAPExtractorDotNET.SAPFieldItem.createByQueryStructure(SAP.Middleware.Connector.IRfcTable)] Missing &lt;returns&gt; documentation [C:\Users\tie301837\Documents\works\SAPExtractorDotNET\documents\Help\Working\BuildReferenceTopics.proj]
BuildAssembler : warning : ShowMissingComponent: [M:SAPExtractorDotNET.SAPFieldItem.createByQueryStructure(SAP.Middleware.Connector.IRfcTable)] Missing &lt;param name=&quot;sapStructure&quot;/&gt; documentation [C:\Users\tie301837\Documents\works\SAPExtractorDotNET\documents\Help\Working\BuildReferenceTopics.proj]
BuildAssembler : warning : ResolveReferenceLinksComponent: [M:SAPExtractorDotNET.SAPFieldItem.createByQueryStructure(SAP.Middleware.Connector.IRfcTable)] Unknown reference link target &#39;T:SAP.Middleware.Connector.IRfcTable&#39;. [C:\Users\tie301837\Documents\works\SAPExtractorDotNET\documents\Help\Working\BuildReferenceTopics.proj]
BuildAssembler : warning : ResolveReferenceLinksComponent: [M:SAPExtractorDotNET.SAPFieldItem.createByQueryStructure(SAP.Middleware.Connector.IRfcTable)] Unknown reference link target &#39;T:SAP.Middleware.Connector.IRfcTable&#39;. [C:\Users\tie301837\Documents\works\SAPExtractorDotNET\documents\Help\Working\BuildReferenceTopics.proj]
BuildAssembler : warning : ShowMissingComponent: [M:SAPExtractorDotNET.SAPFieldItem.createByStatement(System.String,System.Boolean)] Missing &lt;summary&gt; documentation [C:\Users\tie301837\Documents\works\SAPExtractorDotNET\documents\Help\Working\BuildReferenceTopics.proj]
BuildAssembler : warning : ShowMissingComponent: [M:SAPExtractorDotNET.SAPFieldItem.createByStatement(System.String,System.Boolean)] Missing &lt;returns&gt; documentation [C:\Users\tie301837\Documents\works\SAPExtractorDotNET\documents\Help\Working\BuildReferenceTopics.proj]
BuildAssembler : warning : ShowMissingComponent: [M:SAPExtractorDotNET.SAPFieldItem.createByStatement(System.String,System.Boolean)] Missing &lt;param name=&quot;statement&quot;/&gt; documentation [C:\Users\tie301837\Documents\works\SAPExtractorDotNET\documents\Help\Working\BuildReferenceTopics.proj]
BuildAssembler : warning : ShowMissingComponent: [M:SAPExtractorDotNET.SAPFieldItem.createByStatement(System.String,System.Boolean)] Missing &lt;param name=&quot;isRangeField&quot;/&gt; documentation [C:\Users\tie301837\Documents\works\SAPExtractorDotNET\documents\Help\Working\BuildReferenceTopics.proj]
BuildAssembler : warning : ShowMissingComponent: [M:SAPExtractorDotNET.SAPFieldItem.createByTableStructure(System.Collections.Generic.Dictionary{System.String,System.String})] Missing &lt;summary&gt; documentation [C:\Users\tie301837\Documents\works\SAPExtractorDotNET\documents\Help\Working\BuildReferenceTopics.proj]
BuildAssembler : warning : ShowMissingComponent: [M:SAPExtractorDotNET.SAPFieldItem.createByTableStructure(System.Collections.Generic.Dictionary{System.String,System.String})] Missing &lt;returns&gt; documentation [C:\Users\tie301837\Documents\works\SAPExtractorDotNET\documents\Help\Working\BuildReferenceTopics.proj]
BuildAssembler : warning : ShowMissingComponent: [M:SAPExtractorDotNET.SAPFieldItem.createByTableStructure(System.Collections.Generic.Dictionary{System.String,System.String})] Missing &lt;param name=&quot;columns&quot;/&gt; documentation [C:\Users\tie301837\Documents\works\SAPExtractorDotNET\documents\Help\Working\BuildReferenceTopics.proj]
BuildAssembler : warning : ShowMissingComponent: [M:SAPExtractorDotNET.SAPFieldItem.EndsWith(System.String)] Missing &lt;summary&gt; documentation [C:\Users\tie301837\Documents\works\SAPExtractorDotNET\documents\Help\Working\BuildReferenceTopics.proj]
BuildAssembler : warning : ShowMissingComponent: [M:SAPExtractorDotNET.SAPFieldItem.EndsWith(System.String)] Missing &lt;returns&gt; documentation [C:\Users\tie301837\Documents\works\SAPExtractorDotNET\documents\Help\Working\BuildReferenceTopics.proj]
BuildAssembler : warning : ShowMissingComponent: [M:SAPExtractorDotNET.SAPFieldItem.EndsWith(System.String)] Missing &lt;param name=&quot;value&quot;/&gt; documentation [C:\Users\tie301837\Documents\works\SAPExtractorDotNET\documents\Help\Working\BuildReferenceTopics.proj]
BuildAssembler : warning : ShowMissingComponent: [M:SAPExtractorDotNET.SAPFieldItem.escape(System.String)] Missing &lt;summary&gt; documentation [C:\Users\tie301837\Documents\works\SAPExtractorDotNET\documents\Help\Working\BuildReferenceTopics.proj]
BuildAssembler : warning : ShowMissingComponent: [M:SAPExtractorDotNET.SAPFieldItem.escape(System.String)] Missing &lt;returns&gt; documentation [C:\Users\tie301837\Documents\works\SAPExtractorDotNET\documents\Help\Working\BuildReferenceTopics.proj]
BuildAssembler : warning : ShowMissingComponent: [M:SAPExtractorDotNET.SAPFieldItem.escape(System.String)] Missing &lt;param name=&quot;value&quot;/&gt; documentation [C:\Users\tie301837\Documents\works\SAPExtractorDotNET\documents\Help\Working\BuildReferenceTopics.proj]
BuildAssembler : warning : ShowMissingComponent: [M:SAPExtractorDotNET.SAPFieldItem.GreaterEqual(System.String)] Missing &lt;summary&gt; documentation [C:\Users\tie301837\Documents\works\SAPExtractorDotNET\documents\Help\Working\BuildReferenceTopics.proj]
BuildAssembler : warning : ShowMissingComponent: [M:SAPExtractorDotNET.SAPFieldItem.GreaterEqual(System.String)] Missing &lt;returns&gt; documentation [C:\Users\tie301837\Documents\works\SAPExtractorDotNET\documents\Help\Working\BuildReferenceTopics.proj]
BuildAssembler : warning : ShowMissingComponent: [M:SAPExtractorDotNET.SAPFieldItem.GreaterEqual(System.String)] Missing &lt;param name=&quot;value&quot;/&gt; documentation [C:\Users\tie301837\Documents\works\SAPExtractorDotNET\documents\Help\Working\BuildReferenceTopics.proj]
BuildAssembler : warning : ShowMissingComponent: [M:SAPExtractorDotNET.SAPFieldItem.GreaterThan(System.String)] Missing &lt;summary&gt; documentation [C:\Users\tie301837\Documents\works\SAPExtractorDotNET\documents\Help\Working\BuildReferenceTopics.proj]
BuildAssembler : warning : ShowMissingComponent: [M:SAPExtractorDotNET.SAPFieldItem.GreaterThan(System.String)] Missing &lt;returns&gt; documentation [C:\Users\tie301837\Documents\works\SAPExtractorDotNET\documents\Help\Working\BuildReferenceTopics.proj]
BuildAssembler : warning : ShowMissingComponent: [M:SAPExtractorDotNET.SAPFieldItem.GreaterThan(System.String)] Missing &lt;param name=&quot;value&quot;/&gt; documentation [C:\Users\tie301837\Documents\works\SAPExtractorDotNET\documents\Help\Working\BuildReferenceTopics.proj]
BuildAssembler : warning : ShowMissingComponent: [M:SAPExtractorDotNET.SAPFieldItem.IsEqualTo(System.String)] Missing &lt;summary&gt; documentation [C:\Users\tie301837\Documents\works\SAPExtractorDotNET\documents\Help\Working\BuildReferenceTopics.proj]
BuildAssembler : warning : ShowMissingComponent: [M:SAPExtractorDotNET.SAPFieldItem.IsEqualTo(System.String)] Missing &lt;returns&gt; documentation [C:\Users\tie301837\Documents\works\SAPExtractorDotNET\documents\Help\Working\BuildReferenceTopics.proj]
BuildAssembler : warning : ShowMissingComponent: [M:SAPExtractorDotNET.SAPFieldItem.IsEqualTo(System.String)] Missing &lt;param name=&quot;value&quot;/&gt; documentation [C:\Users\tie301837\Documents\works\SAPExtractorDotNET\documents\Help\Working\BuildReferenceTopics.proj]
BuildAssembler : warning : ShowMissingComponent: [P:SAPExtractorDotNET.SAPFieldItem.IsExclude] Missing &lt;summary&gt; documentation [C:\Users\tie301837\Documents\works\SAPExtractorDotNET\documents\Help\Working\BuildReferenceTopics.proj]
BuildAssembler : warning : ShowMissingComponent: [M:SAPExtractorDotNET.SAPFieldItem.IsNotEqualTo(System.String)] Missing &lt;summary&gt; documentation [C:\Users\tie301837\Documents\works\SAPExtractorDotNET\documents\Help\Working\BuildReferenceTopics.proj]
BuildAssembler : warning : ShowMissingComponent: [M:SAPExtractorDotNET.SAPFieldItem.IsNotEqualTo(System.String)] Missing &lt;returns&gt; documentation [C:\Users\tie301837\Documents\works\SAPExtractorDotNET\documents\Help\Working\BuildReferenceTopics.proj]
BuildAssembler : warning : ShowMissingComponent: [M:SAPExtractorDotNET.SAPFieldItem.IsNotEqualTo(System.String)] Missing &lt;param name=&quot;value&quot;/&gt; documentation [C:\Users\tie301837\Documents\works\SAPExtractorDotNET\documents\Help\Working\BuildReferenceTopics.proj]
BuildAssembler : warning : ShowMissingComponent: [M:SAPExtractorDotNET.SAPFieldItem.Likes(System.String)] Missing &lt;summary&gt; documentation [C:\Users\tie301837\Documents\works\SAPExtractorDotNET\documents\Help\Working\BuildReferenceTopics.proj]
BuildAssembler : warning : ShowMissingComponent: [M:SAPExtractorDotNET.SAPFieldItem.Likes(System.String)] Missing &lt;returns&gt; documentation [C:\Users\tie301837\Documents\works\SAPExtractorDotNET\documents\Help\Working\BuildReferenceTopics.proj]
BuildAssembler : warning : ShowMissingComponent: [M:SAPExtractorDotNET.SAPFieldItem.Likes(System.String)] Missing &lt;param name=&quot;value&quot;/&gt; documentation [C:\Users\tie301837\Documents\works\SAPExtractorDotNET\documents\Help\Working\BuildReferenceTopics.proj]
BuildAssembler : warning : ShowMissingComponent: [M:SAPExtractorDotNET.SAPFieldItem.LowerEqual(System.String)] Missing &lt;summary&gt; documentation [C:\Users\tie301837\Documents\works\SAPExtractorDotNET\documents\Help\Working\BuildReferenceTopics.proj]
BuildAssembler : warning : ShowMissingComponent: [M:SAPExtractorDotNET.SAPFieldItem.LowerEqual(System.String)] Missing &lt;returns&gt; documentation [C:\Users\tie301837\Documents\works\SAPExtractorDotNET\documents\Help\Working\BuildReferenceTopics.proj]
BuildAssembler : warning : ShowMissingComponent: [M:SAPExtractorDotNET.SAPFieldItem.LowerEqual(System.String)] Missing &lt;param name=&quot;value&quot;/&gt; documentation [C:\Users\tie301837\Documents\works\SAPExtractorDotNET\documents\Help\Working\BuildReferenceTopics.proj]
BuildAssembler : warning : ShowMissingComponent: [M:SAPExtractorDotNET.SAPFieldItem.LowerThan(System.String)] Missing &lt;summary&gt; documentation [C:\Users\tie301837\Documents\works\SAPExtractorDotNET\documents\Help\Working\BuildReferenceTopics.proj]
BuildAssembler : warning : ShowMissingComponent: [M:SAPExtractorDotNET.SAPFieldItem.LowerThan(System.String)] Missing &lt;returns&gt; documentation [C:\Users\tie301837\Documents\works\SAPExtractorDotNET\documents\Help\Working\BuildReferenceTopics.proj]
BuildAssembler : warning : ShowMissingComponent: [M:SAPExtractorDotNET.SAPFieldItem.LowerThan(System.String)] Missing &lt;param name=&quot;value&quot;/&gt; documentation [C:\Users\tie301837\Documents\works\SAPExtractorDotNET\documents\Help\Working\BuildReferenceTopics.proj]
BuildAssembler : warning : ShowMissingComponent: [M:SAPExtractorDotNET.SAPFieldItem.makeWhere] Missing &lt;summary&gt; documentation [C:\Users\tie301837\Documents\works\SAPExtractorDotNET\documents\Help\Working\BuildReferenceTopics.proj]
BuildAssembler : warning : ShowMissingComponent: [M:SAPExtractorDotNET.SAPFieldItem.makeWhere] Missing &lt;returns&gt; documentation [C:\Users\tie301837\Documents\works\SAPExtractorDotNET\documents\Help\Working\BuildReferenceTopics.proj]
BuildAssembler : warning : ShowMissingComponent: [M:SAPExtractorDotNET.SAPFieldItem.Matches(System.String)] Missing &lt;summary&gt; documentation [C:\Users\tie301837\Documents\works\SAPExtractorDotNET\documents\Help\Working\BuildReferenceTopics.proj]
BuildAssembler : warning : ShowMissingComponent: [M:SAPExtractorDotNET.SAPFieldItem.Matches(System.String)] Missing &lt;returns&gt; documentation [C:\Users\tie301837\Documents\works\SAPExtractorDotNET\documents\Help\Working\BuildReferenceTopics.proj]
BuildAssembler : warning : ShowMissingComponent: [M:SAPExtractorDotNET.SAPFieldItem.Matches(System.String)] Missing &lt;param name=&quot;value&quot;/&gt; documentation [C:\Users\tie301837\Documents\works\SAPExtractorDotNET\documents\Help\Working\BuildReferenceTopics.proj]
BuildAssembler : warning : ShowMissingComponent: [P:SAPExtractorDotNET.SAPFieldItem.MaxValue] Missing &lt;summary&gt; documentation [C:\Users\tie301837\Documents\works\SAPExtractorDotNET\documents\Help\Working\BuildReferenceTopics.proj]
BuildAssembler : warning : ShowMissingComponent: [P:SAPExtractorDotNET.SAPFieldItem.Operand] Missing &lt;summary&gt; documentation [C:\Users\tie301837\Documents\works\SAPExtractorDotNET\documents\Help\Working\BuildReferenceTopics.proj]
BuildAssembler : warning : ShowMissingComponent: [M:SAPExtractorDotNET.SAPFieldItem.StartsWith(System.String)] Missing &lt;summary&gt; documentation [C:\Users\tie301837\Documents\works\SAPExtractorDotNET\documents\Help\Working\BuildReferenceTopics.proj]
BuildAssembler : warning : ShowMissingComponent: [M:SAPExtractorDotNET.SAPFieldItem.StartsWith(System.String)] Missing &lt;returns&gt; documentation [C:\Users\tie301837\Documents\works\SAPExtractorDotNET\documents\Help\Working\BuildReferenceTopics.proj]
BuildAssembler : warning : ShowMissingComponent: [M:SAPExtractorDotNET.SAPFieldItem.StartsWith(System.String)] Missing &lt;param name=&quot;value&quot;/&gt; documentation [C:\Users\tie301837\Documents\works\SAPExtractorDotNET\documents\Help\Working\BuildReferenceTopics.proj]
BuildAssembler : warning : ShowMissingComponent: [P:SAPExtractorDotNET.SAPFieldItem.Value] Missing &lt;summary&gt; documentation [C:\Users\tie301837\Documents\works\SAPExtractorDotNET\documents\Help\Working\BuildReferenceTopics.proj]
BuildAssembler : warning : ShowMissingComponent: [M:SAPExtractorDotNET.SAPQueryExtractor.#ctor(System.String,System.String)] Missing &lt;param name=&quot;query&quot;/&gt; documentation [C:\Users\tie301837\Documents\works\SAPExtractorDotNET\documents\Help\Working\BuildReferenceTopics.proj]
BuildAssembler : warning : ShowMissingComponent: [M:SAPExtractorDotNET.SAPQueryExtractor.#ctor(System.String,System.String)] Missing &lt;param name=&quot;userGroup&quot;/&gt; documentation [C:\Users\tie301837\Documents\works\SAPExtractorDotNET\documents\Help\Working\BuildReferenceTopics.proj]
BuildAssembler : warning : ShowMissingComponent: [M:SAPExtractorDotNET.SAPQueryExtractor.#ctor(System.String,System.String,System.String)] Missing &lt;param name=&quot;queryArea&quot;/&gt; documentation [C:\Users\tie301837\Documents\works\SAPExtractorDotNET\documents\Help\Working\BuildReferenceTopics.proj]
BuildAssembler : warning : ShowMissingComponent: [M:SAPExtractorDotNET.SAPQueryExtractor.#ctor(System.String,System.String,System.String)] Missing &lt;param name=&quot;query&quot;/&gt; documentation [C:\Users\tie301837\Documents\works\SAPExtractorDotNET\documents\Help\Working\BuildReferenceTopics.proj]
BuildAssembler : warning : ShowMissingComponent: [M:SAPExtractorDotNET.SAPQueryExtractor.#ctor(System.String,System.String,System.String)] Missing &lt;param name=&quot;userGroup&quot;/&gt; documentation [C:\Users\tie301837\Documents\works\SAPExtractorDotNET\documents\Help\Working\BuildReferenceTopics.proj]
BuildAssembler : warning : ShowMissingComponent: [M:SAPExtractorDotNET.SAPQueryExtractor.Find(SAP.Middleware.Connector.RfcDestination,System.String,System.String)] Missing &lt;returns&gt; documentation [C:\Users\tie301837\Documents\works\SAPExtractorDotNET\documents\Help\Working\BuildReferenceTopics.proj]
BuildAssembler : warning : ShowMissingComponent: [M:SAPExtractorDotNET.SAPQueryExtractor.Find(SAP.Middleware.Connector.RfcDestination,System.String,System.String)] Missing &lt;param name=&quot;destination&quot;/&gt; documentation [C:\Users\tie301837\Documents\works\SAPExtractorDotNET\documents\Help\Working\BuildReferenceTopics.proj]
BuildAssembler : warning : ShowMissingComponent: [M:SAPExtractorDotNET.SAPQueryExtractor.Find(SAP.Middleware.Connector.RfcDestination,System.String,System.String)] Missing &lt;param name=&quot;queryName&quot;/&gt; documentation [C:\Users\tie301837\Documents\works\SAPExtractorDotNET\documents\Help\Working\BuildReferenceTopics.proj]
BuildAssembler : warning : ShowMissingComponent: [M:SAPExtractorDotNET.SAPQueryExtractor.Find(SAP.Middleware.Connector.RfcDestination,System.String,System.String)] Missing &lt;param name=&quot;userGroup&quot;/&gt; documentation [C:\Users\tie301837\Documents\works\SAPExtractorDotNET\documents\Help\Working\BuildReferenceTopics.proj]
BuildAssembler : warning : ResolveReferenceLinksComponent: [M:SAPExtractorDotNET.SAPQueryExtractor.Find(SAP.Middleware.Connector.RfcDestination,System.String,System.String)] Unknown reference link target &#39;T:SAP.Middleware.Connector.RfcDestination&#39;. [C:\Users\tie301837\Documents\works\SAPExtractorDotNET\documents\Help\Working\BuildReferenceTopics.proj]
BuildAssembler : warning : ResolveReferenceLinksComponent: [M:SAPExtractorDotNET.SAPQueryExtractor.Find(SAP.Middleware.Connector.RfcDestination,System.String,System.String)] Unknown reference link target &#39;T:SAP.Middleware.Connector.RfcDestination&#39;. [C:\Users\tie301837\Documents\works\SAPExtractorDotNET\documents\Help\Working\BuildReferenceTopics.proj]
BuildAssembler : warning : ShowMissingComponent: [M:SAPExtractorDotNET.SAPQueryExtractor.GetSelectFields(SAP.Middleware.Connector.RfcDestination)] Missing &lt;summary&gt; documentation [C:\Users\tie301837\Documents\works\SAPExtractorDotNET\documents\Help\Working\BuildReferenceTopics.proj]
BuildAssembler : warning : ShowMissingComponent: [M:SAPExtractorDotNET.SAPQueryExtractor.GetSelectFields(SAP.Middleware.Connector.RfcDestination)] Missing &lt;returns&gt; documentation [C:\Users\tie301837\Documents\works\SAPExtractorDotNET\documents\Help\Working\BuildReferenceTopics.proj]
BuildAssembler : warning : ShowMissingComponent: [M:SAPExtractorDotNET.SAPQueryExtractor.GetSelectFields(SAP.Middleware.Connector.RfcDestination)] Missing &lt;param name=&quot;destination&quot;/&gt; documentation [C:\Users\tie301837\Documents\works\SAPExtractorDotNET\documents\Help\Working\BuildReferenceTopics.proj]
BuildAssembler : warning : ResolveReferenceLinksComponent: [M:SAPExtractorDotNET.SAPQueryExtractor.GetSelectFields(SAP.Middleware.Connector.RfcDestination)] Unknown reference link target &#39;T:SAP.Middleware.Connector.RfcDestination&#39;. [C:\Users\tie301837\Documents\works\SAPExtractorDotNET\documents\Help\Working\BuildReferenceTopics.proj]
BuildAssembler : warning : ResolveReferenceLinksComponent: [M:SAPExtractorDotNET.SAPQueryExtractor.GetSelectFields(SAP.Middleware.Connector.RfcDestination)] Unknown reference link target &#39;T:SAP.Middleware.Connector.RfcDestination&#39;. [C:\Users\tie301837\Documents\works\SAPExtractorDotNET\documents\Help\Working\BuildReferenceTopics.proj]
BuildAssembler : warning : ShowMissingComponent: [M:SAPExtractorDotNET.SAPQueryExtractor.Invoke(SAP.Middleware.Connector.RfcDestination,System.Collections.Generic.List{SAPExtractorDotNET.SAPFieldItem})] Missing &lt;returns&gt; documentation [C:\Users\tie301837\Documents\works\SAPExtractorDotNET\documents\Help\Working\BuildReferenceTopics.proj]
BuildAssembler : warning : ShowMissingComponent: [M:SAPExtractorDotNET.SAPQueryExtractor.Invoke(SAP.Middleware.Connector.RfcDestination,System.Collections.Generic.List{SAPExtractorDotNET.SAPFieldItem})] Missing &lt;param name=&quot;destination&quot;/&gt; documentation [C:\Users\tie301837\Documents\works\SAPExtractorDotNET\documents\Help\Working\BuildReferenceTopics.proj]
BuildAssembler : warning : ShowMissingComponent: [M:SAPExtractorDotNET.SAPQueryExtractor.Invoke(SAP.Middleware.Connector.RfcDestination,System.Collections.Generic.List{SAPExtractorDotNET.SAPFieldItem})] Missing &lt;param name=&quot;fields&quot;/&gt; documentation [C:\Users\tie301837\Documents\works\SAPExtractorDotNET\documents\Help\Working\BuildReferenceTopics.proj]
BuildAssembler : warning : ResolveReferenceLinksComponent: [M:SAPExtractorDotNET.SAPQueryExtractor.Invoke(SAP.Middleware.Connector.RfcDestination,System.Collections.Generic.List{SAPExtractorDotNET.SAPFieldItem})] Unknown reference link target &#39;T:SAP.Middleware.Connector.RfcDestination&#39;. [C:\Users\tie301837\Documents\works\SAPExtractorDotNET\documents\Help\Working\BuildReferenceTopics.proj]
BuildAssembler : warning : ResolveReferenceLinksComponent: [M:SAPExtractorDotNET.SAPQueryExtractor.Invoke(SAP.Middleware.Connector.RfcDestination,System.Collections.Generic.List{SAPExtractorDotNET.SAPFieldItem})] Unknown reference link target &#39;T:SAP.Middleware.Connector.RfcDestination&#39;. [C:\Users\tie301837\Documents\works\SAPExtractorDotNET\documents\Help\Working\BuildReferenceTopics.proj]
BuildAssembler : warning : ShowMissingComponent: [P:SAPExtractorDotNET.SAPQueryExtractor.Query] Missing &lt;summary&gt; documentation [C:\Users\tie301837\Documents\works\SAPExtractorDotNET\documents\Help\Working\BuildReferenceTopics.proj]
BuildAssembler : warning : ShowMissingComponent: [P:SAPExtractorDotNET.SAPQueryExtractor.QueryArea] Missing &lt;summary&gt; documentation [C:\Users\tie301837\Documents\works\SAPExtractorDotNET\documents\Help\Working\BuildReferenceTopics.proj]
BuildAssembler : warning : ShowMissingComponent: [P:SAPExtractorDotNET.SAPQueryExtractor.QueryText] Missing &lt;summary&gt; documentation [C:\Users\tie301837\Documents\works\SAPExtractorDotNET\documents\Help\Working\BuildReferenceTopics.proj]
BuildAssembler : warning : ShowMissingComponent: [P:SAPExtractorDotNET.SAPQueryExtractor.QueryVariant] Missing &lt;summary&gt; documentation [C:\Users\tie301837\Documents\works\SAPExtractorDotNET\documents\Help\Working\BuildReferenceTopics.proj]
BuildAssembler : warning : ShowMissingComponent: [P:SAPExtractorDotNET.SAPQueryExtractor.UserGroup] Missing &lt;summary&gt; documentation [C:\Users\tie301837\Documents\works\SAPExtractorDotNET\documents\Help\Working\BuildReferenceTopics.proj]
BuildAssembler : warning : ShowMissingComponent: [M:SAPExtractorDotNET.SAPTableExtractor.#ctor(System.String)] Missing &lt;param name=&quot;tableName&quot;/&gt; documentation [C:\Users\tie301837\Documents\works\SAPExtractorDotNET\documents\Help\Working\BuildReferenceTopics.proj]
BuildAssembler : warning : ShowMissingComponent: [M:SAPExtractorDotNET.SAPTableExtractor.Find(SAP.Middleware.Connector.RfcDestination,System.String)] Missing &lt;returns&gt; documentation [C:\Users\tie301837\Documents\works\SAPExtractorDotNET\documents\Help\Working\BuildReferenceTopics.proj]
BuildAssembler : warning : ShowMissingComponent: [M:SAPExtractorDotNET.SAPTableExtractor.Find(SAP.Middleware.Connector.RfcDestination,System.String)] Missing &lt;param name=&quot;destination&quot;/&gt; documentation [C:\Users\tie301837\Documents\works\SAPExtractorDotNET\documents\Help\Working\BuildReferenceTopics.proj]
BuildAssembler : warning : ShowMissingComponent: [M:SAPExtractorDotNET.SAPTableExtractor.Find(SAP.Middleware.Connector.RfcDestination,System.String)] Missing &lt;param name=&quot;tableName&quot;/&gt; documentation [C:\Users\tie301837\Documents\works\SAPExtractorDotNET\documents\Help\Working\BuildReferenceTopics.proj]
BuildAssembler : warning : ResolveReferenceLinksComponent: [M:SAPExtractorDotNET.SAPTableExtractor.Find(SAP.Middleware.Connector.RfcDestination,System.String)] Unknown reference link target &#39;T:SAP.Middleware.Connector.RfcDestination&#39;. [C:\Users\tie301837\Documents\works\SAPExtractorDotNET\documents\Help\Working\BuildReferenceTopics.proj]
BuildAssembler : warning : ResolveReferenceLinksComponent: [M:SAPExtractorDotNET.SAPTableExtractor.Find(SAP.Middleware.Connector.RfcDestination,System.String)] Unknown reference link target &#39;T:SAP.Middleware.Connector.RfcDestination&#39;. [C:\Users\tie301837\Documents\works\SAPExtractorDotNET\documents\Help\Working\BuildReferenceTopics.proj]
BuildAssembler : warning : ShowMissingComponent: [M:SAPExtractorDotNET.SAPTableExtractor.GetColumnFields(SAP.Middleware.Connector.RfcDestination)] Missing &lt;returns&gt; documentation [C:\Users\tie301837\Documents\works\SAPExtractorDotNET\documents\Help\Working\BuildReferenceTopics.proj]
BuildAssembler : warning : ShowMissingComponent: [M:SAPExtractorDotNET.SAPTableExtractor.GetColumnFields(SAP.Middleware.Connector.RfcDestination)] Missing &lt;param name=&quot;destination&quot;/&gt; documentation [C:\Users\tie301837\Documents\works\SAPExtractorDotNET\documents\Help\Working\BuildReferenceTopics.proj]
BuildAssembler : warning : ResolveReferenceLinksComponent: [M:SAPExtractorDotNET.SAPTableExtractor.GetColumnFields(SAP.Middleware.Connector.RfcDestination)] Unknown reference link target &#39;T:SAP.Middleware.Connector.RfcDestination&#39;. [C:\Users\tie301837\Documents\works\SAPExtractorDotNET\documents\Help\Working\BuildReferenceTopics.proj]
BuildAssembler : warning : ResolveReferenceLinksComponent: [M:SAPExtractorDotNET.SAPTableExtractor.GetColumnFields(SAP.Middleware.Connector.RfcDestination)] Unknown reference link target &#39;T:SAP.Middleware.Connector.RfcDestination&#39;. [C:\Users\tie301837\Documents\works\SAPExtractorDotNET\documents\Help\Working\BuildReferenceTopics.proj]
BuildAssembler : warning : ShowMissingComponent: [M:SAPExtractorDotNET.SAPTableExtractor.Invoke(SAP.Middleware.Connector.RfcDestination)] Missing &lt;summary&gt; documentation [C:\Users\tie301837\Documents\works\SAPExtractorDotNET\documents\Help\Working\BuildReferenceTopics.proj]
BuildAssembler : warning : ShowMissingComponent: [M:SAPExtractorDotNET.SAPTableExtractor.Invoke(SAP.Middleware.Connector.RfcDestination)] Missing &lt;returns&gt; documentation [C:\Users\tie301837\Documents\works\SAPExtractorDotNET\documents\Help\Working\BuildReferenceTopics.proj]
BuildAssembler : warning : ShowMissingComponent: [M:SAPExtractorDotNET.SAPTableExtractor.Invoke(SAP.Middleware.Connector.RfcDestination)] Missing &lt;param name=&quot;destination&quot;/&gt; documentation [C:\Users\tie301837\Documents\works\SAPExtractorDotNET\documents\Help\Working\BuildReferenceTopics.proj]
BuildAssembler : warning : ResolveReferenceLinksComponent: [M:SAPExtractorDotNET.SAPTableExtractor.Invoke(SAP.Middleware.Connector.RfcDestination)] Unknown reference link target &#39;T:SAP.Middleware.Connector.RfcDestination&#39;. [C:\Users\tie301837\Documents\works\SAPExtractorDotNET\documents\Help\Working\BuildReferenceTopics.proj]
BuildAssembler : warning : ResolveReferenceLinksComponent: [M:SAPExtractorDotNET.SAPTableExtractor.Invoke(SAP.Middleware.Connector.RfcDestination)] Unknown reference link target &#39;T:SAP.Middleware.Connector.RfcDestination&#39;. [C:\Users\tie301837\Documents\works\SAPExtractorDotNET\documents\Help\Working\BuildReferenceTopics.proj]
BuildAssembler : warning : ShowMissingComponent: [M:SAPExtractorDotNET.SAPTableExtractor.Invoke(SAP.Middleware.Connector.RfcDestination,System.Collections.Generic.List{SAPExtractorDotNET.SAPFieldItem},System.Collections.Generic.List{SAPExtractorDotNET.SAPFieldItem})] Missing &lt;returns&gt; documentation [C:\Users\tie301837\Documents\works\SAPExtractorDotNET\documents\Help\Working\BuildReferenceTopics.proj]
BuildAssembler : warning : ShowMissingComponent: [M:SAPExtractorDotNET.SAPTableExtractor.Invoke(SAP.Middleware.Connector.RfcDestination,System.Collections.Generic.List{SAPExtractorDotNET.SAPFieldItem},System.Collections.Generic.List{SAPExtractorDotNET.SAPFieldItem})] Missing &lt;param name=&quot;destination&quot;/&gt; documentation [C:\Users\tie301837\Documents\works\SAPExtractorDotNET\documents\Help\Working\BuildReferenceTopics.proj]
BuildAssembler : warning : ShowMissingComponent: [M:SAPExtractorDotNET.SAPTableExtractor.Invoke(SAP.Middleware.Connector.RfcDestination,System.Collections.Generic.List{SAPExtractorDotNET.SAPFieldItem},System.Collections.Generic.List{SAPExtractorDotNET.SAPFieldItem})] Missing &lt;param name=&quot;fields&quot;/&gt; documentation [C:\Users\tie301837\Documents\works\SAPExtractorDotNET\documents\Help\Working\BuildReferenceTopics.proj]
BuildAssembler : warning : ShowMissingComponent: [M:SAPExtractorDotNET.SAPTableExtractor.Invoke(SAP.Middleware.Connector.RfcDestination,System.Collections.Generic.List{SAPExtractorDotNET.SAPFieldItem},System.Collections.Generic.List{SAPExtractorDotNET.SAPFieldItem})] Missing &lt;param name=&quot;options&quot;/&gt; documentation [C:\Users\tie301837\Documents\works\SAPExtractorDotNET\documents\Help\Working\BuildReferenceTopics.proj]
BuildAssembler : warning : ResolveReferenceLinksComponent: [M:SAPExtractorDotNET.SAPTableExtractor.Invoke(SAP.Middleware.Connector.RfcDestination,System.Collections.Generic.List{SAPExtractorDotNET.SAPFieldItem},System.Collections.Generic.List{SAPExtractorDotNET.SAPFieldItem})] Unknown reference link target &#39;T:SAP.Middleware.Connector.RfcDestination&#39;. [C:\Users\tie301837\Documents\works\SAPExtractorDotNET\documents\Help\Working\BuildReferenceTopics.proj]
BuildAssembler : warning : ResolveReferenceLinksComponent: [M:SAPExtractorDotNET.SAPTableExtractor.Invoke(SAP.Middleware.Connector.RfcDestination,System.Collections.Generic.List{SAPExtractorDotNET.SAPFieldItem},System.Collections.Generic.List{SAPExtractorDotNET.SAPFieldItem})] Unknown reference link target &#39;T:SAP.Middleware.Connector.RfcDestination&#39;. [C:\Users\tie301837\Documents\works\SAPExtractorDotNET\documents\Help\Working\BuildReferenceTopics.proj]
BuildAssembler : warning : ShowMissingComponent: [M:SAPExtractorDotNET.SAPTableExtractor.Invoke(SAP.Middleware.Connector.RfcDestination,System.Collections.Generic.List{System.String},SAPExtractorDotNET.SAPFieldItem[])] Missing &lt;summary&gt; documentation [C:\Users\tie301837\Documents\works\SAPExtractorDotNET\documents\Help\Working\BuildReferenceTopics.proj]
BuildAssembler : warning : ShowMissingComponent: [M:SAPExtractorDotNET.SAPTableExtractor.Invoke(SAP.Middleware.Connector.RfcDestination,System.Collections.Generic.List{System.String},SAPExtractorDotNET.SAPFieldItem[])] Missing &lt;returns&gt; documentation [C:\Users\tie301837\Documents\works\SAPExtractorDotNET\documents\Help\Working\BuildReferenceTopics.proj]
BuildAssembler : warning : ShowMissingComponent: [M:SAPExtractorDotNET.SAPTableExtractor.Invoke(SAP.Middleware.Connector.RfcDestination,System.Collections.Generic.List{System.String},SAPExtractorDotNET.SAPFieldItem[])] Missing &lt;param name=&quot;destination&quot;/&gt; documentation [C:\Users\tie301837\Documents\works\SAPExtractorDotNET\documents\Help\Working\BuildReferenceTopics.proj]
BuildAssembler : warning : ShowMissingComponent: [M:SAPExtractorDotNET.SAPTableExtractor.Invoke(SAP.Middleware.Connector.RfcDestination,System.Collections.Generic.List{System.String},SAPExtractorDotNET.SAPFieldItem[])] Missing &lt;param name=&quot;fields&quot;/&gt; documentation [C:\Users\tie301837\Documents\works\SAPExtractorDotNET\documents\Help\Working\BuildReferenceTopics.proj]
BuildAssembler : warning : ShowMissingComponent: [M:SAPExtractorDotNET.SAPTableExtractor.Invoke(SAP.Middleware.Connector.RfcDestination,System.Collections.Generic.List{System.String},SAPExtractorDotNET.SAPFieldItem[])] Missing &lt;param name=&quot;options&quot;/&gt; documentation [C:\Users\tie301837\Documents\works\SAPExtractorDotNET\documents\Help\Working\BuildReferenceTopics.proj]
BuildAssembler : warning : ResolveReferenceLinksComponent: [M:SAPExtractorDotNET.SAPTableExtractor.Invoke(SAP.Middleware.Connector.RfcDestination,System.Collections.Generic.List{System.String},SAPExtractorDotNET.SAPFieldItem[])] Unknown reference link target &#39;T:SAP.Middleware.Connector.RfcDestination&#39;. [C:\Users\tie301837\Documents\works\SAPExtractorDotNET\documents\Help\Working\BuildReferenceTopics.proj]
BuildAssembler : warning : ResolveReferenceLinksComponent: [M:SAPExtractorDotNET.SAPTableExtractor.Invoke(SAP.Middleware.Connector.RfcDestination,System.Collections.Generic.List{System.String},SAPExtractorDotNET.SAPFieldItem[])] Unknown reference link target &#39;T:SAP.Middleware.Connector.RfcDestination&#39;. [C:\Users\tie301837\Documents\works\SAPExtractorDotNET\documents\Help\Working\BuildReferenceTopics.proj]
BuildAssembler : warning : ShowMissingComponent: [M:SAPExtractorDotNET.SAPTableExtractor.Invoke(SAP.Middleware.Connector.RfcDestination,System.String[],SAPExtractorDotNET.SAPFieldItem[])] Missing &lt;summary&gt; documentation [C:\Users\tie301837\Documents\works\SAPExtractorDotNET\documents\Help\Working\BuildReferenceTopics.proj]
BuildAssembler : warning : ShowMissingComponent: [M:SAPExtractorDotNET.SAPTableExtractor.Invoke(SAP.Middleware.Connector.RfcDestination,System.String[],SAPExtractorDotNET.SAPFieldItem[])] Missing &lt;returns&gt; documentation [C:\Users\tie301837\Documents\works\SAPExtractorDotNET\documents\Help\Working\BuildReferenceTopics.proj]
BuildAssembler : warning : ShowMissingComponent: [M:SAPExtractorDotNET.SAPTableExtractor.Invoke(SAP.Middleware.Connector.RfcDestination,System.String[],SAPExtractorDotNET.SAPFieldItem[])] Missing &lt;param name=&quot;destination&quot;/&gt; documentation [C:\Users\tie301837\Documents\works\SAPExtractorDotNET\documents\Help\Working\BuildReferenceTopics.proj]
BuildAssembler : warning : ShowMissingComponent: [M:SAPExtractorDotNET.SAPTableExtractor.Invoke(SAP.Middleware.Connector.RfcDestination,System.String[],SAPExtractorDotNET.SAPFieldItem[])] Missing &lt;param name=&quot;fields&quot;/&gt; documentation [C:\Users\tie301837\Documents\works\SAPExtractorDotNET\documents\Help\Working\BuildReferenceTopics.proj]
BuildAssembler : warning : ShowMissingComponent: [M:SAPExtractorDotNET.SAPTableExtractor.Invoke(SAP.Middleware.Connector.RfcDestination,System.String[],SAPExtractorDotNET.SAPFieldItem[])] Missing &lt;param name=&quot;options&quot;/&gt; documentation [C:\Users\tie301837\Documents\works\SAPExtractorDotNET\documents\Help\Working\BuildReferenceTopics.proj]
BuildAssembler : warning : ResolveReferenceLinksComponent: [M:SAPExtractorDotNET.SAPTableExtractor.Invoke(SAP.Middleware.Connector.RfcDestination,System.String[],SAPExtractorDotNET.SAPFieldItem[])] Unknown reference link target &#39;T:SAP.Middleware.Connector.RfcDestination&#39;. [C:\Users\tie301837\Documents\works\SAPExtractorDotNET\documents\Help\Working\BuildReferenceTopics.proj]
BuildAssembler : warning : ResolveReferenceLinksComponent: [M:SAPExtractorDotNET.SAPTableExtractor.Invoke(SAP.Middleware.Connector.RfcDestination,System.String[],SAPExtractorDotNET.SAPFieldItem[])] Unknown reference link target &#39;T:SAP.Middleware.Connector.RfcDestination&#39;. [C:\Users\tie301837\Documents\works\SAPExtractorDotNET\documents\Help\Working\BuildReferenceTopics.proj]
BuildAssembler : warning : ShowMissingComponent: [P:SAPExtractorDotNET.SAPTableExtractor.Table] Missing &lt;summary&gt; documentation [C:\Users\tie301837\Documents\works\SAPExtractorDotNET\documents\Help\Working\BuildReferenceTopics.proj]
BuildAssembler : warning : ShowMissingComponent: [P:SAPExtractorDotNET.SAPTableExtractor.TableText] Missing &lt;summary&gt; documentation [C:\Users\tie301837\Documents\works\SAPExtractorDotNET\documents\Help\Working\BuildReferenceTopics.proj]
  Processed 86 topic(s)
  144 warning(s)
  CopyFromIndexComponent: &quot;reflection&quot; in-memory cache entries used: 4 of 15.
  CopyFromIndexComponent: &quot;comments&quot; in-memory cache entries used: 1 of 30.
プロジェクト &quot;C:\Users\tie301837\Documents\works\SAPExtractorDotNET\documents\Help\Working\BuildReferenceTopics.proj&quot; (既定のターゲット) のビルドが完了しました。

ビルドに成功しました。

経過時間 00:00:10.87
    Last step completed in 00:00:10.9741
</buildStep>
<buildStep step="CombiningIntermediateTocFiles">
Combining conceptual and API intermediate TOC files...

Clearing any prior web output
    Last step completed in 00:00:00.1560
</buildStep>
<buildStep step="ExtractingHtmlInfo">
Extracting HTML info for HTML Help 1 and/or website...
[C:\Windows\Microsoft.NET\Framework\v4.0.30319\MSBuild.exe]
Sandcastle Help File Builder, version 2014.5.31.0
Copyright c 2006-2014, Eric Woodruff, All Rights Reserved
E-Mail: Eric@EWoodruff.us

Using LCID &#39;1033&#39;, code page &#39;65001&#39;, encoding charset &#39;UTF-8&#39;.

Processing Help 1 files in C:\Users\tie301837\Documents\works\SAPExtractorDotNET\documents\Help\Working\Output\HtmlHelp1
Processed 86 HTML files
Sorting keywords and generating See Also indices
Saving HTML Help 1 keyword index to C:\Users\tie301837\Documents\works\SAPExtractorDotNET\documents\Help\Working\SAPExtractorDotNETAPI.hhk
Saving HTML Help 1 table of contents to C:\Users\tie301837\Documents\works\SAPExtractorDotNET\documents\Help\Working\SAPExtractorDotNETAPI.hhc

Processing website files in C:\Users\tie301837\Documents\works\SAPExtractorDotNET\documents\Help\Working\Output\Website
Processed 86 HTML files
Sorting keywords and generating See Also indices
Saving website keyword index to C:\Users\tie301837\Documents\works\SAPExtractorDotNET\documents\Help\Working\WebKI.xml
Saving website table of contents to C:\Users\tie301837\Documents\works\SAPExtractorDotNET\documents\Help\Working\WebTOC.xml
    Last step completed in 00:00:01.7582
</buildStep>
<buildStep step="CopyStandardHelpContent">
Copying standard help content...
C:\Program Files\EWSoftware\Sandcastle Help File Builder\PresentationStyles\VS2010\icons\alert_caution.gif -&gt; C:\Users\tie301837\Documents\works\SAPExtractorDotNET\documents\Help\Working\Output\HtmlHelp1\icons\alert_caution.gif
C:\Program Files\EWSoftware\Sandcastle Help File Builder\PresentationStyles\VS2010\icons\alert_note.gif -&gt; C:\Users\tie301837\Documents\works\SAPExtractorDotNET\documents\Help\Working\Output\HtmlHelp1\icons\alert_note.gif
C:\Program Files\EWSoftware\Sandcastle Help File Builder\PresentationStyles\VS2010\icons\alert_security.gif -&gt; C:\Users\tie301837\Documents\works\SAPExtractorDotNET\documents\Help\Working\Output\HtmlHelp1\icons\alert_security.gif
C:\Program Files\EWSoftware\Sandcastle Help File Builder\PresentationStyles\VS2010\icons\CFW.gif -&gt; C:\Users\tie301837\Documents\works\SAPExtractorDotNET\documents\Help\Working\Output\HtmlHelp1\icons\CFW.gif
C:\Program Files\EWSoftware\Sandcastle Help File Builder\PresentationStyles\VS2010\icons\CodeExample.png -&gt; C:\Users\tie301837\Documents\works\SAPExtractorDotNET\documents\Help\Working\Output\HtmlHelp1\icons\CodeExample.png
C:\Program Files\EWSoftware\Sandcastle Help File Builder\PresentationStyles\VS2010\icons\favicon.ico -&gt; C:\Users\tie301837\Documents\works\SAPExtractorDotNET\documents\Help\Working\Output\HtmlHelp1\icons\favicon.ico
C:\Program Files\EWSoftware\Sandcastle Help File Builder\PresentationStyles\VS2010\icons\footer_slice.gif -&gt; C:\Users\tie301837\Documents\works\SAPExtractorDotNET\documents\Help\Working\Output\HtmlHelp1\icons\footer_slice.gif
C:\Program Files\EWSoftware\Sandcastle Help File Builder\PresentationStyles\VS2010\icons\privclass.gif -&gt; C:\Users\tie301837\Documents\works\SAPExtractorDotNET\documents\Help\Working\Output\HtmlHelp1\icons\privclass.gif
C:\Program Files\EWSoftware\Sandcastle Help File Builder\PresentationStyles\VS2010\icons\privdelegate.gif -&gt; C:\Users\tie301837\Documents\works\SAPExtractorDotNET\documents\Help\Working\Output\HtmlHelp1\icons\privdelegate.gif
C:\Program Files\EWSoftware\Sandcastle Help File Builder\PresentationStyles\VS2010\icons\privenumeration.gif -&gt; C:\Users\tie301837\Documents\works\SAPExtractorDotNET\documents\Help\Working\Output\HtmlHelp1\icons\privenumeration.gif
C:\Program Files\EWSoftware\Sandcastle Help File Builder\PresentationStyles\VS2010\icons\privevent.gif -&gt; C:\Users\tie301837\Documents\works\SAPExtractorDotNET\documents\Help\Working\Output\HtmlHelp1\icons\privevent.gif
C:\Program Files\EWSoftware\Sandcastle Help File Builder\PresentationStyles\VS2010\icons\privextension.gif -&gt; C:\Users\tie301837\Documents\works\SAPExtractorDotNET\documents\Help\Working\Output\HtmlHelp1\icons\privextension.gif
C:\Program Files\EWSoftware\Sandcastle Help File Builder\PresentationStyles\VS2010\icons\privfield.gif -&gt; C:\Users\tie301837\Documents\works\SAPExtractorDotNET\documents\Help\Working\Output\HtmlHelp1\icons\privfield.gif
C:\Program Files\EWSoftware\Sandcastle Help File Builder\PresentationStyles\VS2010\icons\privinterface.gif -&gt; C:\Users\tie301837\Documents\works\SAPExtractorDotNET\documents\Help\Working\Output\HtmlHelp1\icons\privinterface.gif
C:\Program Files\EWSoftware\Sandcastle Help File Builder\PresentationStyles\VS2010\icons\privmethod.gif -&gt; C:\Users\tie301837\Documents\works\SAPExtractorDotNET\documents\Help\Working\Output\HtmlHelp1\icons\privmethod.gif
C:\Program Files\EWSoftware\Sandcastle Help File Builder\PresentationStyles\VS2010\icons\privproperty.gif -&gt; C:\Users\tie301837\Documents\works\SAPExtractorDotNET\documents\Help\Working\Output\HtmlHelp1\icons\privproperty.gif
C:\Program Files\EWSoftware\Sandcastle Help File Builder\PresentationStyles\VS2010\icons\privstructure.gif -&gt; C:\Users\tie301837\Documents\works\SAPExtractorDotNET\documents\Help\Working\Output\HtmlHelp1\icons\privstructure.gif
C:\Program Files\EWSoftware\Sandcastle Help File Builder\PresentationStyles\VS2010\icons\protclass.gif -&gt; C:\Users\tie301837\Documents\works\SAPExtractorDotNET\documents\Help\Working\Output\HtmlHelp1\icons\protclass.gif
C:\Program Files\EWSoftware\Sandcastle Help File Builder\PresentationStyles\VS2010\icons\protdelegate.gif -&gt; C:\Users\tie301837\Documents\works\SAPExtractorDotNET\documents\Help\Working\Output\HtmlHelp1\icons\protdelegate.gif
C:\Program Files\EWSoftware\Sandcastle Help File Builder\PresentationStyles\VS2010\icons\protenumeration.gif -&gt; C:\Users\tie301837\Documents\works\SAPExtractorDotNET\documents\Help\Working\Output\HtmlHelp1\icons\protenumeration.gif
C:\Program Files\EWSoftware\Sandcastle Help File Builder\PresentationStyles\VS2010\icons\protevent.gif -&gt; C:\Users\tie301837\Documents\works\SAPExtractorDotNET\documents\Help\Working\Output\HtmlHelp1\icons\protevent.gif
C:\Program Files\EWSoftware\Sandcastle Help File Builder\PresentationStyles\VS2010\icons\protextension.gif -&gt; C:\Users\tie301837\Documents\works\SAPExtractorDotNET\documents\Help\Working\Output\HtmlHelp1\icons\protextension.gif
C:\Program Files\EWSoftware\Sandcastle Help File Builder\PresentationStyles\VS2010\icons\protfield.gif -&gt; C:\Users\tie301837\Documents\works\SAPExtractorDotNET\documents\Help\Working\Output\HtmlHelp1\icons\protfield.gif
C:\Program Files\EWSoftware\Sandcastle Help File Builder\PresentationStyles\VS2010\icons\protinterface.gif -&gt; C:\Users\tie301837\Documents\works\SAPExtractorDotNET\documents\Help\Working\Output\HtmlHelp1\icons\protinterface.gif
C:\Program Files\EWSoftware\Sandcastle Help File Builder\PresentationStyles\VS2010\icons\protmethod.gif -&gt; C:\Users\tie301837\Documents\works\SAPExtractorDotNET\documents\Help\Working\Output\HtmlHelp1\icons\protmethod.gif
C:\Program Files\EWSoftware\Sandcastle Help File Builder\PresentationStyles\VS2010\icons\protoperator.gif -&gt; C:\Users\tie301837\Documents\works\SAPExtractorDotNET\documents\Help\Working\Output\HtmlHelp1\icons\protoperator.gif
C:\Program Files\EWSoftware\Sandcastle Help File Builder\PresentationStyles\VS2010\icons\protproperty.gif -&gt; C:\Users\tie301837\Documents\works\SAPExtractorDotNET\documents\Help\Working\Output\HtmlHelp1\icons\protproperty.gif
C:\Program Files\EWSoftware\Sandcastle Help File Builder\PresentationStyles\VS2010\icons\protstructure.gif -&gt; C:\Users\tie301837\Documents\works\SAPExtractorDotNET\documents\Help\Working\Output\HtmlHelp1\icons\protstructure.gif
C:\Program Files\EWSoftware\Sandcastle Help File Builder\PresentationStyles\VS2010\icons\pubclass.gif -&gt; C:\Users\tie301837\Documents\works\SAPExtractorDotNET\documents\Help\Working\Output\HtmlHelp1\icons\pubclass.gif
C:\Program Files\EWSoftware\Sandcastle Help File Builder\PresentationStyles\VS2010\icons\pubdelegate.gif -&gt; C:\Users\tie301837\Documents\works\SAPExtractorDotNET\documents\Help\Working\Output\HtmlHelp1\icons\pubdelegate.gif
C:\Program Files\EWSoftware\Sandcastle Help File Builder\PresentationStyles\VS2010\icons\pubenumeration.gif -&gt; C:\Users\tie301837\Documents\works\SAPExtractorDotNET\documents\Help\Working\Output\HtmlHelp1\icons\pubenumeration.gif
C:\Program Files\EWSoftware\Sandcastle Help File Builder\PresentationStyles\VS2010\icons\pubevent.gif -&gt; C:\Users\tie301837\Documents\works\SAPExtractorDotNET\documents\Help\Working\Output\HtmlHelp1\icons\pubevent.gif
C:\Program Files\EWSoftware\Sandcastle Help File Builder\PresentationStyles\VS2010\icons\pubextension.gif -&gt; C:\Users\tie301837\Documents\works\SAPExtractorDotNET\documents\Help\Working\Output\HtmlHelp1\icons\pubextension.gif
C:\Program Files\EWSoftware\Sandcastle Help File Builder\PresentationStyles\VS2010\icons\pubfield.gif -&gt; C:\Users\tie301837\Documents\works\SAPExtractorDotNET\documents\Help\Working\Output\HtmlHelp1\icons\pubfield.gif
C:\Program Files\EWSoftware\Sandcastle Help File Builder\PresentationStyles\VS2010\icons\pubinterface.gif -&gt; C:\Users\tie301837\Documents\works\SAPExtractorDotNET\documents\Help\Working\Output\HtmlHelp1\icons\pubinterface.gif
C:\Program Files\EWSoftware\Sandcastle Help File Builder\PresentationStyles\VS2010\icons\pubmethod.gif -&gt; C:\Users\tie301837\Documents\works\SAPExtractorDotNET\documents\Help\Working\Output\HtmlHelp1\icons\pubmethod.gif
C:\Program Files\EWSoftware\Sandcastle Help File Builder\PresentationStyles\VS2010\icons\puboperator.gif -&gt; C:\Users\tie301837\Documents\works\SAPExtractorDotNET\documents\Help\Working\Output\HtmlHelp1\icons\puboperator.gif
C:\Program Files\EWSoftware\Sandcastle Help File Builder\PresentationStyles\VS2010\icons\pubproperty.gif -&gt; C:\Users\tie301837\Documents\works\SAPExtractorDotNET\documents\Help\Working\Output\HtmlHelp1\icons\pubproperty.gif
C:\Program Files\EWSoftware\Sandcastle Help File Builder\PresentationStyles\VS2010\icons\pubstructure.gif -&gt; C:\Users\tie301837\Documents\works\SAPExtractorDotNET\documents\Help\Working\Output\HtmlHelp1\icons\pubstructure.gif
C:\Program Files\EWSoftware\Sandcastle Help File Builder\PresentationStyles\VS2010\icons\slMobile.gif -&gt; C:\Users\tie301837\Documents\works\SAPExtractorDotNET\documents\Help\Working\Output\HtmlHelp1\icons\slMobile.gif
C:\Program Files\EWSoftware\Sandcastle Help File Builder\PresentationStyles\VS2010\icons\static.gif -&gt; C:\Users\tie301837\Documents\works\SAPExtractorDotNET\documents\Help\Working\Output\HtmlHelp1\icons\static.gif
C:\Program Files\EWSoftware\Sandcastle Help File Builder\PresentationStyles\VS2010\icons\tabLeftBG.gif -&gt; C:\Users\tie301837\Documents\works\SAPExtractorDotNET\documents\Help\Working\Output\HtmlHelp1\icons\tabLeftBG.gif
C:\Program Files\EWSoftware\Sandcastle Help File Builder\PresentationStyles\VS2010\icons\tabRightBG.gif -&gt; C:\Users\tie301837\Documents\works\SAPExtractorDotNET\documents\Help\Working\Output\HtmlHelp1\icons\tabRightBG.gif
C:\Program Files\EWSoftware\Sandcastle Help File Builder\PresentationStyles\VS2010\icons\xna.gif -&gt; C:\Users\tie301837\Documents\works\SAPExtractorDotNET\documents\Help\Working\Output\HtmlHelp1\icons\xna.gif
C:\Program Files\EWSoftware\Sandcastle Help File Builder\PresentationStyles\VS2010\scripts\branding.js -&gt; C:\Users\tie301837\Documents\works\SAPExtractorDotNET\documents\Help\Working\Output\HtmlHelp1\scripts\branding.js
C:\Program Files\EWSoftware\Sandcastle Help File Builder\PresentationStyles\VS2010\styles\branding-cs-CZ.css -&gt; C:\Users\tie301837\Documents\works\SAPExtractorDotNET\documents\Help\Working\Output\HtmlHelp1\styles\branding-cs-CZ.css
C:\Program Files\EWSoftware\Sandcastle Help File Builder\PresentationStyles\VS2010\styles\branding-de-DE.css -&gt; C:\Users\tie301837\Documents\works\SAPExtractorDotNET\documents\Help\Working\Output\HtmlHelp1\styles\branding-de-DE.css
C:\Program Files\EWSoftware\Sandcastle Help File Builder\PresentationStyles\VS2010\styles\branding-en-US.css -&gt; C:\Users\tie301837\Documents\works\SAPExtractorDotNET\documents\Help\Working\Output\HtmlHelp1\styles\branding-en-US.css
C:\Program Files\EWSoftware\Sandcastle Help File Builder\PresentationStyles\VS2010\styles\branding-es-ES.css -&gt; C:\Users\tie301837\Documents\works\SAPExtractorDotNET\documents\Help\Working\Output\HtmlHelp1\styles\branding-es-ES.css
C:\Program Files\EWSoftware\Sandcastle Help File Builder\PresentationStyles\VS2010\styles\branding-fr-FR.css -&gt; C:\Users\tie301837\Documents\works\SAPExtractorDotNET\documents\Help\Working\Output\HtmlHelp1\styles\branding-fr-FR.css
C:\Program Files\EWSoftware\Sandcastle Help File Builder\PresentationStyles\VS2010\styles\branding-Help1.css -&gt; C:\Users\tie301837\Documents\works\SAPExtractorDotNET\documents\Help\Working\Output\HtmlHelp1\styles\branding-Help1.css
C:\Program Files\EWSoftware\Sandcastle Help File Builder\PresentationStyles\VS2010\styles\branding-Help2.css -&gt; C:\Users\tie301837\Documents\works\SAPExtractorDotNET\documents\Help\Working\Output\HtmlHelp1\styles\branding-Help2.css
C:\Program Files\EWSoftware\Sandcastle Help File Builder\PresentationStyles\VS2010\styles\branding-HelpViewer.css -&gt; C:\Users\tie301837\Documents\works\SAPExtractorDotNET\documents\Help\Working\Output\HtmlHelp1\styles\branding-HelpViewer.css
C:\Program Files\EWSoftware\Sandcastle Help File Builder\PresentationStyles\VS2010\styles\branding-it-IT.css -&gt; C:\Users\tie301837\Documents\works\SAPExtractorDotNET\documents\Help\Working\Output\HtmlHelp1\styles\branding-it-IT.css
C:\Program Files\EWSoftware\Sandcastle Help File Builder\PresentationStyles\VS2010\styles\branding-ja-JP.css -&gt; C:\Users\tie301837\Documents\works\SAPExtractorDotNET\documents\Help\Working\Output\HtmlHelp1\styles\branding-ja-JP.css
C:\Program Files\EWSoftware\Sandcastle Help File Builder\PresentationStyles\VS2010\styles\branding-ko-KR.css -&gt; C:\Users\tie301837\Documents\works\SAPExtractorDotNET\documents\Help\Working\Output\HtmlHelp1\styles\branding-ko-KR.css
C:\Program Files\EWSoftware\Sandcastle Help File Builder\PresentationStyles\VS2010\styles\branding-pl-PL.css -&gt; C:\Users\tie301837\Documents\works\SAPExtractorDotNET\documents\Help\Working\Output\HtmlHelp1\styles\branding-pl-PL.css
C:\Program Files\EWSoftware\Sandcastle Help File Builder\PresentationStyles\VS2010\styles\branding-pt-BR.css -&gt; C:\Users\tie301837\Documents\works\SAPExtractorDotNET\documents\Help\Working\Output\HtmlHelp1\styles\branding-pt-BR.css
C:\Program Files\EWSoftware\Sandcastle Help File Builder\PresentationStyles\VS2010\styles\branding-ru-RU.css -&gt; C:\Users\tie301837\Documents\works\SAPExtractorDotNET\documents\Help\Working\Output\HtmlHelp1\styles\branding-ru-RU.css
C:\Program Files\EWSoftware\Sandcastle Help File Builder\PresentationStyles\VS2010\styles\branding-tr-TR.css -&gt; C:\Users\tie301837\Documents\works\SAPExtractorDotNET\documents\Help\Working\Output\HtmlHelp1\styles\branding-tr-TR.css
C:\Program Files\EWSoftware\Sandcastle Help File Builder\PresentationStyles\VS2010\styles\branding-zh-CN.css -&gt; C:\Users\tie301837\Documents\works\SAPExtractorDotNET\documents\Help\Working\Output\HtmlHelp1\styles\branding-zh-CN.css
C:\Program Files\EWSoftware\Sandcastle Help File Builder\PresentationStyles\VS2010\styles\branding-zh-TW.css -&gt; C:\Users\tie301837\Documents\works\SAPExtractorDotNET\documents\Help\Working\Output\HtmlHelp1\styles\branding-zh-TW.css
C:\Program Files\EWSoftware\Sandcastle Help File Builder\PresentationStyles\VS2010\styles\branding.css -&gt; C:\Users\tie301837\Documents\works\SAPExtractorDotNET\documents\Help\Working\Output\HtmlHelp1\styles\branding.css
C:\Program Files\EWSoftware\Sandcastle Help File Builder\PresentationStyles\VS2010\icons\alert_caution.gif -&gt; C:\Users\tie301837\Documents\works\SAPExtractorDotNET\documents\Help\Working\Output\Website\icons\alert_caution.gif
C:\Program Files\EWSoftware\Sandcastle Help File Builder\PresentationStyles\VS2010\icons\alert_note.gif -&gt; C:\Users\tie301837\Documents\works\SAPExtractorDotNET\documents\Help\Working\Output\Website\icons\alert_note.gif
C:\Program Files\EWSoftware\Sandcastle Help File Builder\PresentationStyles\VS2010\icons\alert_security.gif -&gt; C:\Users\tie301837\Documents\works\SAPExtractorDotNET\documents\Help\Working\Output\Website\icons\alert_security.gif
C:\Program Files\EWSoftware\Sandcastle Help File Builder\PresentationStyles\VS2010\icons\CFW.gif -&gt; C:\Users\tie301837\Documents\works\SAPExtractorDotNET\documents\Help\Working\Output\Website\icons\CFW.gif
C:\Program Files\EWSoftware\Sandcastle Help File Builder\PresentationStyles\VS2010\icons\CodeExample.png -&gt; C:\Users\tie301837\Documents\works\SAPExtractorDotNET\documents\Help\Working\Output\Website\icons\CodeExample.png
C:\Program Files\EWSoftware\Sandcastle Help File Builder\PresentationStyles\VS2010\icons\favicon.ico -&gt; C:\Users\tie301837\Documents\works\SAPExtractorDotNET\documents\Help\Working\Output\Website\icons\favicon.ico
C:\Program Files\EWSoftware\Sandcastle Help File Builder\PresentationStyles\VS2010\icons\footer_slice.gif -&gt; C:\Users\tie301837\Documents\works\SAPExtractorDotNET\documents\Help\Working\Output\Website\icons\footer_slice.gif
C:\Program Files\EWSoftware\Sandcastle Help File Builder\PresentationStyles\VS2010\icons\privclass.gif -&gt; C:\Users\tie301837\Documents\works\SAPExtractorDotNET\documents\Help\Working\Output\Website\icons\privclass.gif
C:\Program Files\EWSoftware\Sandcastle Help File Builder\PresentationStyles\VS2010\icons\privdelegate.gif -&gt; C:\Users\tie301837\Documents\works\SAPExtractorDotNET\documents\Help\Working\Output\Website\icons\privdelegate.gif
C:\Program Files\EWSoftware\Sandcastle Help File Builder\PresentationStyles\VS2010\icons\privenumeration.gif -&gt; C:\Users\tie301837\Documents\works\SAPExtractorDotNET\documents\Help\Working\Output\Website\icons\privenumeration.gif
C:\Program Files\EWSoftware\Sandcastle Help File Builder\PresentationStyles\VS2010\icons\privevent.gif -&gt; C:\Users\tie301837\Documents\works\SAPExtractorDotNET\documents\Help\Working\Output\Website\icons\privevent.gif
C:\Program Files\EWSoftware\Sandcastle Help File Builder\PresentationStyles\VS2010\icons\privextension.gif -&gt; C:\Users\tie301837\Documents\works\SAPExtractorDotNET\documents\Help\Working\Output\Website\icons\privextension.gif
C:\Program Files\EWSoftware\Sandcastle Help File Builder\PresentationStyles\VS2010\icons\privfield.gif -&gt; C:\Users\tie301837\Documents\works\SAPExtractorDotNET\documents\Help\Working\Output\Website\icons\privfield.gif
C:\Program Files\EWSoftware\Sandcastle Help File Builder\PresentationStyles\VS2010\icons\privinterface.gif -&gt; C:\Users\tie301837\Documents\works\SAPExtractorDotNET\documents\Help\Working\Output\Website\icons\privinterface.gif
C:\Program Files\EWSoftware\Sandcastle Help File Builder\PresentationStyles\VS2010\icons\privmethod.gif -&gt; C:\Users\tie301837\Documents\works\SAPExtractorDotNET\documents\Help\Working\Output\Website\icons\privmethod.gif
C:\Program Files\EWSoftware\Sandcastle Help File Builder\PresentationStyles\VS2010\icons\privproperty.gif -&gt; C:\Users\tie301837\Documents\works\SAPExtractorDotNET\documents\Help\Working\Output\Website\icons\privproperty.gif
C:\Program Files\EWSoftware\Sandcastle Help File Builder\PresentationStyles\VS2010\icons\privstructure.gif -&gt; C:\Users\tie301837\Documents\works\SAPExtractorDotNET\documents\Help\Working\Output\Website\icons\privstructure.gif
C:\Program Files\EWSoftware\Sandcastle Help File Builder\PresentationStyles\VS2010\icons\protclass.gif -&gt; C:\Users\tie301837\Documents\works\SAPExtractorDotNET\documents\Help\Working\Output\Website\icons\protclass.gif
C:\Program Files\EWSoftware\Sandcastle Help File Builder\PresentationStyles\VS2010\icons\protdelegate.gif -&gt; C:\Users\tie301837\Documents\works\SAPExtractorDotNET\documents\Help\Working\Output\Website\icons\protdelegate.gif
C:\Program Files\EWSoftware\Sandcastle Help File Builder\PresentationStyles\VS2010\icons\protenumeration.gif -&gt; C:\Users\tie301837\Documents\works\SAPExtractorDotNET\documents\Help\Working\Output\Website\icons\protenumeration.gif
C:\Program Files\EWSoftware\Sandcastle Help File Builder\PresentationStyles\VS2010\icons\protevent.gif -&gt; C:\Users\tie301837\Documents\works\SAPExtractorDotNET\documents\Help\Working\Output\Website\icons\protevent.gif
C:\Program Files\EWSoftware\Sandcastle Help File Builder\PresentationStyles\VS2010\icons\protextension.gif -&gt; C:\Users\tie301837\Documents\works\SAPExtractorDotNET\documents\Help\Working\Output\Website\icons\protextension.gif
C:\Program Files\EWSoftware\Sandcastle Help File Builder\PresentationStyles\VS2010\icons\protfield.gif -&gt; C:\Users\tie301837\Documents\works\SAPExtractorDotNET\documents\Help\Working\Output\Website\icons\protfield.gif
C:\Program Files\EWSoftware\Sandcastle Help File Builder\PresentationStyles\VS2010\icons\protinterface.gif -&gt; C:\Users\tie301837\Documents\works\SAPExtractorDotNET\documents\Help\Working\Output\Website\icons\protinterface.gif
C:\Program Files\EWSoftware\Sandcastle Help File Builder\PresentationStyles\VS2010\icons\protmethod.gif -&gt; C:\Users\tie301837\Documents\works\SAPExtractorDotNET\documents\Help\Working\Output\Website\icons\protmethod.gif
C:\Program Files\EWSoftware\Sandcastle Help File Builder\PresentationStyles\VS2010\icons\protoperator.gif -&gt; C:\Users\tie301837\Documents\works\SAPExtractorDotNET\documents\Help\Working\Output\Website\icons\protoperator.gif
C:\Program Files\EWSoftware\Sandcastle Help File Builder\PresentationStyles\VS2010\icons\protproperty.gif -&gt; C:\Users\tie301837\Documents\works\SAPExtractorDotNET\documents\Help\Working\Output\Website\icons\protproperty.gif
C:\Program Files\EWSoftware\Sandcastle Help File Builder\PresentationStyles\VS2010\icons\protstructure.gif -&gt; C:\Users\tie301837\Documents\works\SAPExtractorDotNET\documents\Help\Working\Output\Website\icons\protstructure.gif
C:\Program Files\EWSoftware\Sandcastle Help File Builder\PresentationStyles\VS2010\icons\pubclass.gif -&gt; C:\Users\tie301837\Documents\works\SAPExtractorDotNET\documents\Help\Working\Output\Website\icons\pubclass.gif
C:\Program Files\EWSoftware\Sandcastle Help File Builder\PresentationStyles\VS2010\icons\pubdelegate.gif -&gt; C:\Users\tie301837\Documents\works\SAPExtractorDotNET\documents\Help\Working\Output\Website\icons\pubdelegate.gif
C:\Program Files\EWSoftware\Sandcastle Help File Builder\PresentationStyles\VS2010\icons\pubenumeration.gif -&gt; C:\Users\tie301837\Documents\works\SAPExtractorDotNET\documents\Help\Working\Output\Website\icons\pubenumeration.gif
C:\Program Files\EWSoftware\Sandcastle Help File Builder\PresentationStyles\VS2010\icons\pubevent.gif -&gt; C:\Users\tie301837\Documents\works\SAPExtractorDotNET\documents\Help\Working\Output\Website\icons\pubevent.gif
C:\Program Files\EWSoftware\Sandcastle Help File Builder\PresentationStyles\VS2010\icons\pubextension.gif -&gt; C:\Users\tie301837\Documents\works\SAPExtractorDotNET\documents\Help\Working\Output\Website\icons\pubextension.gif
C:\Program Files\EWSoftware\Sandcastle Help File Builder\PresentationStyles\VS2010\icons\pubfield.gif -&gt; C:\Users\tie301837\Documents\works\SAPExtractorDotNET\documents\Help\Working\Output\Website\icons\pubfield.gif
C:\Program Files\EWSoftware\Sandcastle Help File Builder\PresentationStyles\VS2010\icons\pubinterface.gif -&gt; C:\Users\tie301837\Documents\works\SAPExtractorDotNET\documents\Help\Working\Output\Website\icons\pubinterface.gif
C:\Program Files\EWSoftware\Sandcastle Help File Builder\PresentationStyles\VS2010\icons\pubmethod.gif -&gt; C:\Users\tie301837\Documents\works\SAPExtractorDotNET\documents\Help\Working\Output\Website\icons\pubmethod.gif
C:\Program Files\EWSoftware\Sandcastle Help File Builder\PresentationStyles\VS2010\icons\puboperator.gif -&gt; C:\Users\tie301837\Documents\works\SAPExtractorDotNET\documents\Help\Working\Output\Website\icons\puboperator.gif
C:\Program Files\EWSoftware\Sandcastle Help File Builder\PresentationStyles\VS2010\icons\pubproperty.gif -&gt; C:\Users\tie301837\Documents\works\SAPExtractorDotNET\documents\Help\Working\Output\Website\icons\pubproperty.gif
C:\Program Files\EWSoftware\Sandcastle Help File Builder\PresentationStyles\VS2010\icons\pubstructure.gif -&gt; C:\Users\tie301837\Documents\works\SAPExtractorDotNET\documents\Help\Working\Output\Website\icons\pubstructure.gif
C:\Program Files\EWSoftware\Sandcastle Help File Builder\PresentationStyles\VS2010\icons\slMobile.gif -&gt; C:\Users\tie301837\Documents\works\SAPExtractorDotNET\documents\Help\Working\Output\Website\icons\slMobile.gif
C:\Program Files\EWSoftware\Sandcastle Help File Builder\PresentationStyles\VS2010\icons\static.gif -&gt; C:\Users\tie301837\Documents\works\SAPExtractorDotNET\documents\Help\Working\Output\Website\icons\static.gif
C:\Program Files\EWSoftware\Sandcastle Help File Builder\PresentationStyles\VS2010\icons\tabLeftBG.gif -&gt; C:\Users\tie301837\Documents\works\SAPExtractorDotNET\documents\Help\Working\Output\Website\icons\tabLeftBG.gif
C:\Program Files\EWSoftware\Sandcastle Help File Builder\PresentationStyles\VS2010\icons\tabRightBG.gif -&gt; C:\Users\tie301837\Documents\works\SAPExtractorDotNET\documents\Help\Working\Output\Website\icons\tabRightBG.gif
C:\Program Files\EWSoftware\Sandcastle Help File Builder\PresentationStyles\VS2010\icons\xna.gif -&gt; C:\Users\tie301837\Documents\works\SAPExtractorDotNET\documents\Help\Working\Output\Website\icons\xna.gif
C:\Program Files\EWSoftware\Sandcastle Help File Builder\PresentationStyles\VS2010\scripts\branding.js -&gt; C:\Users\tie301837\Documents\works\SAPExtractorDotNET\documents\Help\Working\Output\Website\scripts\branding.js
C:\Program Files\EWSoftware\Sandcastle Help File Builder\PresentationStyles\VS2010\styles\branding-cs-CZ.css -&gt; C:\Users\tie301837\Documents\works\SAPExtractorDotNET\documents\Help\Working\Output\Website\styles\branding-cs-CZ.css
C:\Program Files\EWSoftware\Sandcastle Help File Builder\PresentationStyles\VS2010\styles\branding-de-DE.css -&gt; C:\Users\tie301837\Documents\works\SAPExtractorDotNET\documents\Help\Working\Output\Website\styles\branding-de-DE.css
C:\Program Files\EWSoftware\Sandcastle Help File Builder\PresentationStyles\VS2010\styles\branding-en-US.css -&gt; C:\Users\tie301837\Documents\works\SAPExtractorDotNET\documents\Help\Working\Output\Website\styles\branding-en-US.css
C:\Program Files\EWSoftware\Sandcastle Help File Builder\PresentationStyles\VS2010\styles\branding-es-ES.css -&gt; C:\Users\tie301837\Documents\works\SAPExtractorDotNET\documents\Help\Working\Output\Website\styles\branding-es-ES.css
C:\Program Files\EWSoftware\Sandcastle Help File Builder\PresentationStyles\VS2010\styles\branding-fr-FR.css -&gt; C:\Users\tie301837\Documents\works\SAPExtractorDotNET\documents\Help\Working\Output\Website\styles\branding-fr-FR.css
C:\Program Files\EWSoftware\Sandcastle Help File Builder\PresentationStyles\VS2010\styles\branding-Help1.css -&gt; C:\Users\tie301837\Documents\works\SAPExtractorDotNET\documents\Help\Working\Output\Website\styles\branding-Help1.css
C:\Program Files\EWSoftware\Sandcastle Help File Builder\PresentationStyles\VS2010\styles\branding-Help2.css -&gt; C:\Users\tie301837\Documents\works\SAPExtractorDotNET\documents\Help\Working\Output\Website\styles\branding-Help2.css
C:\Program Files\EWSoftware\Sandcastle Help File Builder\PresentationStyles\VS2010\styles\branding-HelpViewer.css -&gt; C:\Users\tie301837\Documents\works\SAPExtractorDotNET\documents\Help\Working\Output\Website\styles\branding-HelpViewer.css
C:\Program Files\EWSoftware\Sandcastle Help File Builder\PresentationStyles\VS2010\styles\branding-it-IT.css -&gt; C:\Users\tie301837\Documents\works\SAPExtractorDotNET\documents\Help\Working\Output\Website\styles\branding-it-IT.css
C:\Program Files\EWSoftware\Sandcastle Help File Builder\PresentationStyles\VS2010\styles\branding-ja-JP.css -&gt; C:\Users\tie301837\Documents\works\SAPExtractorDotNET\documents\Help\Working\Output\Website\styles\branding-ja-JP.css
C:\Program Files\EWSoftware\Sandcastle Help File Builder\PresentationStyles\VS2010\styles\branding-ko-KR.css -&gt; C:\Users\tie301837\Documents\works\SAPExtractorDotNET\documents\Help\Working\Output\Website\styles\branding-ko-KR.css
C:\Program Files\EWSoftware\Sandcastle Help File Builder\PresentationStyles\VS2010\styles\branding-pl-PL.css -&gt; C:\Users\tie301837\Documents\works\SAPExtractorDotNET\documents\Help\Working\Output\Website\styles\branding-pl-PL.css
C:\Program Files\EWSoftware\Sandcastle Help File Builder\PresentationStyles\VS2010\styles\branding-pt-BR.css -&gt; C:\Users\tie301837\Documents\works\SAPExtractorDotNET\documents\Help\Working\Output\Website\styles\branding-pt-BR.css
C:\Program Files\EWSoftware\Sandcastle Help File Builder\PresentationStyles\VS2010\styles\branding-ru-RU.css -&gt; C:\Users\tie301837\Documents\works\SAPExtractorDotNET\documents\Help\Working\Output\Website\styles\branding-ru-RU.css
C:\Program Files\EWSoftware\Sandcastle Help File Builder\PresentationStyles\VS2010\styles\branding-tr-TR.css -&gt; C:\Users\tie301837\Documents\works\SAPExtractorDotNET\documents\Help\Working\Output\Website\styles\branding-tr-TR.css
C:\Program Files\EWSoftware\Sandcastle Help File Builder\PresentationStyles\VS2010\styles\branding-zh-CN.css -&gt; C:\Users\tie301837\Documents\works\SAPExtractorDotNET\documents\Help\Working\Output\Website\styles\branding-zh-CN.css
C:\Program Files\EWSoftware\Sandcastle Help File Builder\PresentationStyles\VS2010\styles\branding-zh-TW.css -&gt; C:\Users\tie301837\Documents\works\SAPExtractorDotNET\documents\Help\Working\Output\Website\styles\branding-zh-TW.css
C:\Program Files\EWSoftware\Sandcastle Help File Builder\PresentationStyles\VS2010\styles\branding.css -&gt; C:\Users\tie301837\Documents\works\SAPExtractorDotNET\documents\Help\Working\Output\Website\styles\branding.css
C:\Program Files\EWSoftware\Sandcastle Help File Builder\PresentationStyles\VS2010\..\LegacyWeb\CloseSearch.png -&gt; C:\Users\tie301837\Documents\works\SAPExtractorDotNET\documents\Help\Working\Output\Website\CloseSearch.png
C:\Program Files\EWSoftware\Sandcastle Help File Builder\PresentationStyles\VS2010\..\LegacyWeb\CollapseAll.png -&gt; C:\Users\tie301837\Documents\works\SAPExtractorDotNET\documents\Help\Working\Output\Website\CollapseAll.png
C:\Program Files\EWSoftware\Sandcastle Help File Builder\PresentationStyles\VS2010\..\LegacyWeb\Collapsed.gif -&gt; C:\Users\tie301837\Documents\works\SAPExtractorDotNET\documents\Help\Working\Output\Website\Collapsed.gif
C:\Program Files\EWSoftware\Sandcastle Help File Builder\PresentationStyles\VS2010\..\LegacyWeb\Expanded.gif -&gt; C:\Users\tie301837\Documents\works\SAPExtractorDotNET\documents\Help\Working\Output\Website\Expanded.gif
C:\Program Files\EWSoftware\Sandcastle Help File Builder\PresentationStyles\VS2010\..\LegacyWeb\favicon.ico -&gt; C:\Users\tie301837\Documents\works\SAPExtractorDotNET\documents\Help\Working\Output\Website\favicon.ico
C:\Program Files\EWSoftware\Sandcastle Help File Builder\PresentationStyles\VS2010\..\LegacyWeb\FillNode.aspx -&gt; C:\Users\tie301837\Documents\works\SAPExtractorDotNET\documents\Help\Working\Output\Website\FillNode.aspx
C:\Program Files\EWSoftware\Sandcastle Help File Builder\PresentationStyles\VS2010\..\LegacyWeb\FillNode.php -&gt; C:\Users\tie301837\Documents\works\SAPExtractorDotNET\documents\Help\Working\Output\Website\FillNode.php
C:\Program Files\EWSoftware\Sandcastle Help File Builder\PresentationStyles\VS2010\..\LegacyWeb\Index.aspx -&gt; C:\Users\tie301837\Documents\works\SAPExtractorDotNET\documents\Help\Working\Output\Website\Index.aspx
C:\Program Files\EWSoftware\Sandcastle Help File Builder\PresentationStyles\VS2010\..\LegacyWeb\Index.gif -&gt; C:\Users\tie301837\Documents\works\SAPExtractorDotNET\documents\Help\Working\Output\Website\Index.gif
C:\Program Files\EWSoftware\Sandcastle Help File Builder\PresentationStyles\VS2010\..\LegacyWeb\index.html -&gt; C:\Users\tie301837\Documents\works\SAPExtractorDotNET\documents\Help\Working\Output\Website\index.html
C:\Program Files\EWSoftware\Sandcastle Help File Builder\PresentationStyles\VS2010\..\LegacyWeb\index.php -&gt; C:\Users\tie301837\Documents\works\SAPExtractorDotNET\documents\Help\Working\Output\Website\index.php
C:\Program Files\EWSoftware\Sandcastle Help File Builder\PresentationStyles\VS2010\..\LegacyWeb\Item.gif -&gt; C:\Users\tie301837\Documents\works\SAPExtractorDotNET\documents\Help\Working\Output\Website\Item.gif
C:\Program Files\EWSoftware\Sandcastle Help File Builder\PresentationStyles\VS2010\..\LegacyWeb\LoadIndexKeywords.aspx -&gt; C:\Users\tie301837\Documents\works\SAPExtractorDotNET\documents\Help\Working\Output\Website\LoadIndexKeywords.aspx
C:\Program Files\EWSoftware\Sandcastle Help File Builder\PresentationStyles\VS2010\..\LegacyWeb\LoadIndexKeywords.php -&gt; C:\Users\tie301837\Documents\works\SAPExtractorDotNET\documents\Help\Working\Output\Website\LoadIndexKeywords.php
C:\Program Files\EWSoftware\Sandcastle Help File Builder\PresentationStyles\VS2010\..\LegacyWeb\Search.gif -&gt; C:\Users\tie301837\Documents\works\SAPExtractorDotNET\documents\Help\Working\Output\Website\Search.gif
C:\Program Files\EWSoftware\Sandcastle Help File Builder\PresentationStyles\VS2010\..\LegacyWeb\SearchHelp.aspx -&gt; C:\Users\tie301837\Documents\works\SAPExtractorDotNET\documents\Help\Working\Output\Website\SearchHelp.aspx
C:\Program Files\EWSoftware\Sandcastle Help File Builder\PresentationStyles\VS2010\..\LegacyWeb\SearchHelp.inc.php -&gt; C:\Users\tie301837\Documents\works\SAPExtractorDotNET\documents\Help\Working\Output\Website\SearchHelp.inc.php
C:\Program Files\EWSoftware\Sandcastle Help File Builder\PresentationStyles\VS2010\..\LegacyWeb\SearchHelp.php -&gt; C:\Users\tie301837\Documents\works\SAPExtractorDotNET\documents\Help\Working\Output\Website\SearchHelp.php
C:\Program Files\EWSoftware\Sandcastle Help File Builder\PresentationStyles\VS2010\..\LegacyWeb\Splitter.gif -&gt; C:\Users\tie301837\Documents\works\SAPExtractorDotNET\documents\Help\Working\Output\Website\Splitter.gif
C:\Program Files\EWSoftware\Sandcastle Help File Builder\PresentationStyles\VS2010\..\LegacyWeb\SyncTOC.gif -&gt; C:\Users\tie301837\Documents\works\SAPExtractorDotNET\documents\Help\Working\Output\Website\SyncTOC.gif
C:\Program Files\EWSoftware\Sandcastle Help File Builder\PresentationStyles\VS2010\..\LegacyWeb\TOC.css -&gt; C:\Users\tie301837\Documents\works\SAPExtractorDotNET\documents\Help\Working\Output\Website\TOC.css
C:\Program Files\EWSoftware\Sandcastle Help File Builder\PresentationStyles\VS2010\..\LegacyWeb\TOC.js -&gt; C:\Users\tie301837\Documents\works\SAPExtractorDotNET\documents\Help\Working\Output\Website\TOC.js
C:\Program Files\EWSoftware\Sandcastle Help File Builder\PresentationStyles\VS2010\..\LegacyWeb\Web.Config -&gt; C:\Users\tie301837\Documents\works\SAPExtractorDotNET\documents\Help\Working\Output\Website\Web.Config
    Last step completed in 00:00:01.9592
</buildStep>
<buildStep step="GenerateHelpFormatTableOfContents">
Generating HTML Help 1 table of contents file...
    Last step completed in 00:00:00.0020
</buildStep>
<buildStep step="GenerateHelpFileIndex">
Generating HTML Help 1 index file...
    Last step completed in 00:00:00.0020
</buildStep>
<buildStep step="GenerateHelpProject">
Generating HTML Help 1 project file...
    Last step completed in 00:00:00.0270
</buildStep>
<buildStep step="CompilingHelpFile">
Compiling HTML Help 1 file...
[C:\Windows\Microsoft.NET\Framework\v4.0.30319\MSBuild.exe]
  Microsoft HTML Help Compiler 4.74.8702
  
  
  
  Compiling c:\Users\tie301837\Documents\works\SAPExtractorDotNET\documents\Help\Working\Output\HtmlHelp1\SAPExtractorDotNETAPI.chm
  
  
  
  
  
  Compile time: 0 minutes, 2 seconds
  
  88	Topics
  
  893	Local links
  
  0	Internet links
  
  0	Graphics
  
  
  
  
  
  Created c:\Users\tie301837\Documents\works\SAPExtractorDotNET\documents\Help\Working\Output\HtmlHelp1\SAPExtractorDotNETAPI.chm, 127,802 bytes
  
  Compression decreased file by 639,308 bytes.
  
    Last step completed in 00:00:03.9314
</buildStep>
<buildStep step="GenerateHelpFormatTableOfContents">
Generating website table of contents file...
    Last step completed in 00:00:00.0020
</buildStep>
<buildStep step="GenerateFullTextIndex">
Generating full-text index for the website...

    Last step completed in 00:00:00.5721
</buildStep>
<buildStep step="CopyingWebsiteFiles">
Copying website files to output folder...

Copied 100 files
Copied 195 files for the website content
    Last step completed in 00:00:01.1951
</buildStep>
<buildStep step="CleanIntermediates">
Removing intermediate files...
    Last step completed in 00:00:00.5701
</buildStep>
<buildStep step="Completed">

Build completed successfully at 09/25/2014 05:23 午後.  Total time: 00:00:26.9197

</buildStep>
</shfbBuild>
